src/lib/__tests__/test-utils.ts(26,27): error TS2344: Type 'T' does not satisfy the constraint 'SvelteComponent<Record<string, any>, any, any>'.
  Type 'Record<string, any>' is missing the following properties from type 'SvelteComponent<Record<string, any>, any, any>': $$prop_def, $$events_def, $$slot_def, $destroy, and 2 more.
src/lib/__tests__/test-utils.ts(57,2): error TS6133: 'Component' is declared but its value is never read.
src/lib/__tests__/test-utils.ts(58,2): error TS6133: 'baseProps' is declared but its value is never read.
src/lib/__tests__/test-utils.ts(69,2): error TS6133: 'Component' is declared but its value is never read.
src/lib/__tests__/test-utils.ts(70,2): error TS6133: 'baseProps' is declared but its value is never read.
src/lib/components/__tests__/Accordion.svelte5.test.ts(8,2): error TS6133: 'simulateMouseEvent' is declared but its value is never read.
src/lib/components/__tests__/Accordion.svelte5.test.ts(12,2): error TS6133: 'testAccessibilityCompliance' is declared but its value is never read.
src/lib/components/__tests__/Accordion.svelte5.test.ts(14,2): error TS6133: 'commonVariants' is declared but its value is never read.
src/lib/components/__tests__/Accordion.svelte5.test.ts(15,2): error TS6133: 'commonSizes' is declared but its value is never read.
src/lib/components/__tests__/Accordion.svelte5.test.ts(46,60): error TS2322: Type 'string' is not assignable to type '"glass"'.
src/lib/components/__tests__/Accordion.svelte5.test.ts(55,60): error TS2322: Type 'string' is not assignable to type '"md"'.
src/lib/components/__tests__/Accordion.svelte5.test.ts(64,60): error TS2322: Type 'string' is not assignable to type '"md"'.
src/lib/components/__tests__/Accordion.svelte5.test.ts(85,19): error TS2322: Type 'string' is not assignable to type 'never'.
src/lib/components/__tests__/Accordion.svelte5.test.ts(85,24): error TS2322: Type 'string' is not assignable to type 'never'.
src/lib/components/__tests__/Accordion.svelte5.test.ts(96,10): error TS6133: 'blur' is declared but its value is never read.
src/lib/components/__tests__/Accordion.svelte5.test.ts(140,10): error TS6133: 'multiple' is declared but its value is never read.
src/lib/components/__tests__/Accordion.svelte5.test.ts(162,10): error TS6133: 'multiple' is declared but its value is never read.
src/lib/components/__tests__/Accordion.svelte5.test.ts(183,10): error TS6133: 'multiple' is declared but its value is never read.
src/lib/components/__tests__/Accordion.svelte5.test.ts(213,10): error TS6133: 'onValueChange' is declared but its value is never read.
src/lib/components/__tests__/Accordion.svelte5.test.ts(274,24): error TS4111: Property 'transition' comes from an index signature, so it must be accessed with ['transition'].
src/lib/components/__tests__/Accordion.svelte5.test.ts(275,25): error TS4111: Property 'transition' comes from an index signature, so it must be accessed with ['transition'].
src/lib/components/__tests__/Accordion.svelte5.test.ts(289,24): error TS4111: Property 'transition' comes from an index signature, so it must be accessed with ['transition'].
src/lib/components/__tests__/Alert.svelte5.test.ts(9,2): error TS6133: 'expectAriaAttributes' is declared but its value is never read.
src/lib/components/__tests__/Alert.svelte5.test.ts(10,2): error TS6133: 'testAccessibilityCompliance' is declared but its value is never read.
src/lib/components/__tests__/Alert.svelte5.test.ts(13,2): error TS6133: 'simulateMouseEvent' is declared but its value is never read.
src/lib/components/__tests__/Alert.svelte5.test.ts(50,11): error TS6133: 'props' is declared but its value is never read.
src/lib/components/__tests__/Alert.svelte5.test.ts(50,56): error TS2322: Type '"error" | "terminal" | "success" | "warning" | "info"' is not assignable to type '"success" | undefined'.
  Type '"error"' is not assignable to type '"success"'.
src/lib/components/__tests__/Alert.svelte5.test.ts(111,20): error TS4111: Property 'display' comes from an index signature, so it must be accessed with ['display'].
src/lib/components/__tests__/Alert.svelte5.test.ts(118,25): error TS4111: Property 'display' comes from an index signature, so it must be accessed with ['display'].
src/lib/components/__tests__/Alert.svelte5.test.ts(148,5): error TS2322: Type '"fixed"' is not assignable to type '"static"'.
src/lib/components/__tests__/Alert.svelte5.test.ts(153,8): error TS2367: This comparison appears to be unintentional because the types '"static"' and '"fixed"' have no overlap.
src/lib/components/__tests__/Alert.svelte5.test.ts(155,42): error TS2339: Property 'placement' does not exist on type '{ variant: "success"; title: string; description: string; closable: boolean; animated: boolean; glow: boolean; jelly: boolean; icon: boolean; position: "static"; }'.
src/lib/components/__tests__/Alert.svelte5.test.ts(170,19): error TS4111: Property 'boxShadow' comes from an index signature, so it must be accessed with ['boxShadow'].
src/lib/components/__tests__/Alert.svelte5.test.ts(174,25): error TS4111: Property 'boxShadow' comes from an index signature, so it must be accessed with ['boxShadow'].
src/lib/components/__tests__/Alert.svelte5.test.ts(198,29): error TS4111: Property 'transition' comes from an index signature, so it must be accessed with ['transition'].
src/lib/components/__tests__/Alert.svelte5.test.ts(222,25): error TS4111: Property 'transition' comes from an index signature, so it must be accessed with ['transition'].
src/lib/components/__tests__/Alert.svelte5.test.ts(228,53): error TS2379: Argument of type '{ description: undefined; }' is not assignable to parameter of type 'Partial<{ variant: "success"; title: string; description: string; closable: boolean; animated: boolean; glow: boolean; jelly: boolean; icon: boolean; position: "static"; }>' with 'exactOptionalPropertyTypes: true'. Consider adding 'undefined' to the types of the target's properties.
  Types of property 'description' are incompatible.
    Type 'undefined' is not assignable to type 'string'.
src/lib/components/__tests__/Alert.svelte5.test.ts(229,10): error TS6133: 'element' is declared but its value is never read.
src/lib/components/__tests__/Alert.svelte5.test.ts(236,23): error TS4111: Property 'display' comes from an index signature, so it must be accessed with ['display'].
src/lib/components/__tests__/Alert.svelte5.test.ts(240,29): error TS4111: Property 'display' comes from an index signature, so it must be accessed with ['display'].
src/lib/components/__tests__/Alert.svelte5.test.ts(265,11): error TS6133: 'props' is declared but its value is never read.
src/lib/components/__tests__/Alert.svelte5.test.ts(265,56): error TS2322: Type '"error" | "terminal" | "success" | "warning" | "info"' is not assignable to type '"success" | undefined'.
  Type '"error"' is not assignable to type '"success"'.
src/lib/components/__tests__/Alert.svelte5.test.ts(268,19): error TS4111: Property 'color' comes from an index signature, so it must be accessed with ['color'].
src/lib/components/__tests__/Alert.svelte5.test.ts(269,26): error TS4111: Property 'color' comes from an index signature, so it must be accessed with ['color'].
src/lib/components/__tests__/Alert.svelte5.test.ts(276,10): error TS6133: 'props' is declared but its value is never read.
src/lib/components/__tests__/Alert.svelte5.test.ts(291,10): error TS6133: 'props' is declared but its value is never read.
src/lib/components/__tests__/Alert.svelte5.test.ts(295,45): error TS7006: Parameter 'e' implicitly has an 'any' type.
src/lib/components/__tests__/Alert.svelte5.test.ts(306,10): error TS6133: 'props' is declared but its value is never read.
src/lib/components/__tests__/Alert.svelte5.test.ts(320,55): error TS2353: Object literal may only specify known properties, and 'class' does not exist in type 'Partial<{ variant: "success"; title: string; description: string; closable: boolean; animated: boolean; glow: boolean; jelly: boolean; icon: boolean; position: "static"; }>'.
src/lib/components/__tests__/Alert.svelte5.test.ts(323,79): error TS2339: Property 'class' does not exist on type '{ variant: "success"; title: string; description: string; closable: boolean; animated: boolean; glow: boolean; jelly: boolean; icon: boolean; position: "static"; }'.
src/lib/components/__tests__/Alert.svelte5.test.ts(329,5): error TS2353: Object literal may only specify known properties, and ''data-testid'' does not exist in type 'Partial<{ variant: "success"; title: string; description: string; closable: boolean; animated: boolean; glow: boolean; jelly: boolean; icon: boolean; position: "static"; }>'.
src/lib/components/__tests__/Alert.svelte5.test.ts(334,40): error TS7053: Element implicitly has an 'any' type because expression of type '"data-testid"' can't be used to index type '{ variant: "success"; title: string; description: string; closable: boolean; animated: boolean; glow: boolean; jelly: boolean; icon: boolean; position: "static"; }'.
  Property 'data-testid' does not exist on type '{ variant: "success"; title: string; description: string; closable: boolean; animated: boolean; glow: boolean; jelly: boolean; icon: boolean; position: "static"; }'.
src/lib/components/__tests__/Alert.svelte5.test.ts(335,37): error TS2339: Property 'id' does not exist on type '{ variant: "success"; title: string; description: string; closable: boolean; animated: boolean; glow: boolean; jelly: boolean; icon: boolean; position: "static"; }'.
src/lib/components/__tests__/Alert.svelte5.test.ts(351,19): error TS4111: Property 'display' comes from an index signature, so it must be accessed with ['display'].
src/lib/components/__tests__/Alert.svelte5.test.ts(359,25): error TS4111: Property 'display' comes from an index signature, so it must be accessed with ['display'].
src/lib/components/__tests__/Alert.test.ts(12,10): error TS6133: 'container' is declared but its value is never read.
src/lib/components/__tests__/Alert.test.ts(74,10): error TS6133: 'container' is declared but its value is never read.
src/lib/components/__tests__/Alert.test.ts(87,10): error TS6133: 'container' is declared but its value is never read.
src/lib/components/__tests__/Alert.test.ts(105,10): error TS6133: 'container' is declared but its value is never read.
src/lib/components/__tests__/Alert.test.ts(234,10): error TS6133: 'container' is declared but its value is never read.
src/lib/components/__tests__/Alert.test.ts(246,10): error TS6133: 'container' is declared but its value is never read.
src/lib/components/__tests__/Alert.test.ts(260,10): error TS6133: 'container' is declared but its value is never read.
src/lib/components/__tests__/Alert.test.ts(273,10): error TS6133: 'container' is declared but its value is never read.
src/lib/components/__tests__/Alert.test.ts(297,10): error TS6133: 'alert' is declared but its value is never read.
src/lib/components/__tests__/AsyncErrorBoundary.svelte5.test.ts(40,69): error TS2322: Type 'string' is not assignable to type '"glass"'.
src/lib/components/__tests__/AsyncErrorBoundary.svelte5.test.ts(60,5): error TS2322: Type 'Mock<Procedure>' is not assignable to type 'undefined'.
src/lib/components/__tests__/AsyncErrorBoundary.svelte5.test.ts(61,5): error TS2322: Type 'Mock<Procedure>' is not assignable to type 'undefined'.
src/lib/components/__tests__/AsyncErrorBoundary.svelte5.test.ts(73,5): error TS2322: Type '() => string' is not assignable to type 'undefined'.
src/lib/components/__tests__/AsyncErrorBoundary.svelte5.test.ts(74,5): error TS2322: Type '() => string' is not assignable to type 'undefined'.
src/lib/components/__tests__/AsyncErrorBoundary.svelte5.test.ts(85,10): error TS6133: 'promise' is declared but its value is never read.
src/lib/components/__tests__/AsyncErrorBoundary.svelte5.test.ts(98,11): error TS6133: 'result' is declared but its value is never read.
src/lib/components/__tests__/AsyncErrorBoundary.svelte5.test.ts(263,21): error TS4111: Property 'innerHTML' comes from an index signature, so it must be accessed with ['innerHTML'].
src/lib/components/__tests__/AsyncErrorBoundary.svelte5.test.ts(267,56): error TS4111: Property 'innerHTML' comes from an index signature, so it must be accessed with ['innerHTML'].
src/lib/components/__tests__/AsyncErrorBoundary.svelte5.test.ts(280,19): error TS4111: Property 'innerHTML' comes from an index signature, so it must be accessed with ['innerHTML'].
src/lib/components/__tests__/AsyncErrorBoundary.svelte5.test.ts(288,24): error TS4111: Property 'innerHTML' comes from an index signature, so it must be accessed with ['innerHTML'].
src/lib/components/__tests__/AsyncErrorBoundary.svelte5.test.ts(289,24): error TS4111: Property 'innerHTML' comes from an index signature, so it must be accessed with ['innerHTML'].
src/lib/components/__tests__/AsyncErrorBoundary.svelte5.test.ts(357,27): error TS4111: Property 'transition' comes from an index signature, so it must be accessed with ['transition'].
src/lib/components/__tests__/AsyncErrorBoundary.svelte5.test.ts(365,26): error TS4111: Property 'animation' comes from an index signature, so it must be accessed with ['animation'].
src/lib/components/__tests__/AsyncErrorBoundary.svelte5.test.ts(368,32): error TS4111: Property 'animation' comes from an index signature, so it must be accessed with ['animation'].
src/lib/components/__tests__/Badge.test.ts(4,10): error TS6133: 'testAllVariants' is declared but its value is never read.
src/lib/components/__tests__/Badge.test.ts(4,27): error TS6133: 'testAllSizes' is declared but its value is never read.
src/lib/components/__tests__/Badge.test.ts(267,10): error TS6133: 'container' is declared but its value is never read.
src/lib/components/__tests__/Badge.test.ts(277,10): error TS6133: 'container' is declared but its value is never read.
src/lib/components/__tests__/BootSequence.svelte5.test.ts(6,2): error TS6133: 'simulateAnimation' is declared but its value is never read.
src/lib/components/__tests__/BootSequence.svelte5.test.ts(10,2): error TS6133: 'testEventCleanup' is declared but its value is never read.
src/lib/components/__tests__/BootSequence.svelte5.test.ts(45,63): error TS2322: Type 'string' is not assignable to type '"classic"'.
src/lib/components/__tests__/BootSequence.svelte5.test.ts(54,63): error TS2322: Type 'string' is not assignable to type '"normal"'.
src/lib/components/__tests__/BootSequence.svelte5.test.ts(80,11): error TS2532: Object is possibly 'undefined'.
src/lib/components/__tests__/BootSequence.svelte5.test.ts(87,5): error TS2322: Type 'Mock<Procedure>' is not assignable to type 'undefined'.
src/lib/components/__tests__/BootSequence.svelte5.test.ts(126,37): error TS18048: 'message' is possibly 'undefined'.
src/lib/components/__tests__/BootSequence.svelte5.test.ts(152,43): error TS6133: 'type' is declared but its value is never read.
src/lib/components/__tests__/BootSequence.svelte5.test.ts(165,21): error TS4111: Property 'innerHTML' comes from an index signature, so it must be accessed with ['innerHTML'].
src/lib/components/__tests__/BootSequence.svelte5.test.ts(168,27): error TS4111: Property 'innerHTML' comes from an index signature, so it must be accessed with ['innerHTML'].
src/lib/components/__tests__/BootSequence.svelte5.test.ts(197,39): error TS6133: 'variant' is declared but its value is never read.
src/lib/components/__tests__/BootSequence.svelte5.test.ts(326,26): error TS4111: Property 'animation' comes from an index signature, so it must be accessed with ['animation'].
src/lib/components/__tests__/BootSequence.svelte5.test.ts(329,32): error TS4111: Property 'animation' comes from an index signature, so it must be accessed with ['animation'].
src/lib/components/__tests__/BootSequence.svelte5.test.ts(348,18): error TS4111: Property 'animation' comes from an index signature, so it must be accessed with ['animation'].
src/lib/components/__tests__/BootSequence.svelte5.test.ts(351,24): error TS4111: Property 'animation' comes from an index signature, so it must be accessed with ['animation'].
src/lib/components/__tests__/BootSequence.svelte5.test.ts(390,21): error TS4111: Property 'animation' comes from an index signature, so it must be accessed with ['animation'].
src/lib/components/__tests__/BootSequence.svelte5.test.ts(391,21): error TS4111: Property 'transition' comes from an index signature, so it must be accessed with ['transition'].
src/lib/components/__tests__/BootSequence.svelte5.test.ts(394,27): error TS4111: Property 'animation' comes from an index signature, so it must be accessed with ['animation'].
src/lib/components/__tests__/BootSequence.svelte5.test.ts(395,27): error TS4111: Property 'transition' comes from an index signature, so it must be accessed with ['transition'].
src/lib/components/__tests__/Breadcrumb.svelte5.test.ts(6,2): error TS6133: 'simulateAnimation' is declared but its value is never read.
src/lib/components/__tests__/Breadcrumb.svelte5.test.ts(7,2): error TS6133: 'simulateMouseEvent' is declared but its value is never read.
src/lib/components/__tests__/Breadcrumb.svelte5.test.ts(11,2): error TS6133: 'testAccessibilityCompliance' is declared but its value is never read.
src/lib/components/__tests__/Breadcrumb.svelte5.test.ts(42,61): error TS2322: Type 'string' is not assignable to type '"default"'.
src/lib/components/__tests__/Breadcrumb.svelte5.test.ts(51,61): error TS2322: Type 'string' is not assignable to type '"chevron"'.
src/lib/components/__tests__/Breadcrumb.svelte5.test.ts(87,11): error TS2532: Object is possibly 'undefined'.
src/lib/components/__tests__/Breadcrumb.svelte5.test.ts(153,45): error TS6133: 'type' is declared but its value is never read.
src/lib/components/__tests__/Breadcrumb.svelte5.test.ts(176,19): error TS6133: 'item' is declared but its value is never read.
src/lib/components/__tests__/Breadcrumb.svelte5.test.ts(184,45): error TS2339: Property 'disabled' does not exist on type '{ id: string; label: string; href: string; }'.
src/lib/components/__tests__/Breadcrumb.svelte5.test.ts(191,31): error TS2339: Property 'href' does not exist on type '{ id: string; label: string; disabled: boolean; }'.
src/lib/components/__tests__/Breadcrumb.svelte5.test.ts(256,38): error TS2322: Type '({ id: string; label: string; } | { id: string; label: string; disabled: boolean; })[]' is not assignable to type '{ id: string; label: string; }[]'.
  Type '{ id: string; label: string; } | { id: string; label: string; disabled: boolean; }' is not assignable to type '{ id: string; label: string; }'.
    Object literal may only specify known properties, and 'disabled' does not exist in type '{ id: string; label: string; }'.
src/lib/components/__tests__/Breadcrumb.svelte5.test.ts(262,11): error TS2532: Object is possibly 'undefined'.
src/lib/components/__tests__/Breadcrumb.svelte5.test.ts(281,15): error TS4111: Property 'innerHTML' comes from an index signature, so it must be accessed with ['innerHTML'].
src/lib/components/__tests__/Breadcrumb.svelte5.test.ts(283,22): error TS4111: Property 'innerHTML' comes from an index signature, so it must be accessed with ['innerHTML'].
src/lib/components/__tests__/Breadcrumb.svelte5.test.ts(284,22): error TS4111: Property 'innerHTML' comes from an index signature, so it must be accessed with ['innerHTML'].
src/lib/components/__tests__/Breadcrumb.svelte5.test.ts(292,17): error TS4111: Property 'innerHTML' comes from an index signature, so it must be accessed with ['innerHTML'].
src/lib/components/__tests__/Breadcrumb.svelte5.test.ts(297,23): error TS4111: Property 'innerHTML' comes from an index signature, so it must be accessed with ['innerHTML'].
src/lib/components/__tests__/Breadcrumb.svelte5.test.ts(298,23): error TS4111: Property 'innerHTML' comes from an index signature, so it must be accessed with ['innerHTML'].
src/lib/components/__tests__/Breadcrumb.svelte5.test.ts(375,16): error TS4111: Property 'transition' comes from an index signature, so it must be accessed with ['transition'].
src/lib/components/__tests__/Breadcrumb.svelte5.test.ts(378,22): error TS4111: Property 'transition' comes from an index signature, so it must be accessed with ['transition'].
src/lib/components/__tests__/Button.svelte5.test.ts(80,17): error TS2339: Property 'glow' does not exist on type '{ variant: string; size: string; animated: boolean; children: string; }'.
src/lib/components/__tests__/Button.svelte5.test.ts(81,17): error TS2339: Property 'jelly' does not exist on type '{ variant: string; size: string; animated: boolean; children: string; }'.
src/lib/components/__tests__/Button.svelte5.test.ts(82,17): error TS2339: Property 'loading' does not exist on type '{ variant: string; size: string; animated: boolean; children: string; }'.
src/lib/components/__tests__/Button.svelte5.test.ts(83,17): error TS2339: Property 'disabled' does not exist on type '{ variant: string; size: string; animated: boolean; children: string; }'.
src/lib/components/__tests__/Button.svelte5.test.ts(201,14): error TS2339: Property 'loading' does not exist on type '{ variant: string; size: string; animated: boolean; children: string; }'.
src/lib/components/__tests__/Button.svelte5.test.ts(214,14): error TS2339: Property 'disabled' does not exist on type '{ variant: string; size: string; animated: boolean; children: string; }'.
src/lib/components/__tests__/Button.test.ts(13,10): error TS6133: 'container' is declared but its value is never read.
src/lib/components/__tests__/Button.test.ts(25,11): error TS6133: 'container' is declared but its value is never read.
src/lib/components/__tests__/Button.test.ts(36,11): error TS6133: 'container' is declared but its value is never read.
src/lib/components/__tests__/Button.test.ts(58,10): error TS6133: 'container' is declared but its value is never read.
src/lib/components/__tests__/Button.test.ts(78,10): error TS6133: 'container' is declared but its value is never read.
src/lib/components/__tests__/Button.test.ts(90,10): error TS6133: 'container' is declared but its value is never read.
src/lib/components/__tests__/Button.test.ts(102,10): error TS6133: 'container' is declared but its value is never read.
src/lib/components/__tests__/Button.test.ts(118,10): error TS6133: 'container' is declared but its value is never read.
src/lib/components/__tests__/Button.test.ts(135,10): error TS6133: 'container' is declared but its value is never read.
src/lib/components/__tests__/Button.test.ts(164,10): error TS6133: 'container' is declared but its value is never read.
src/lib/components/__tests__/Button.test.ts(180,10): error TS6133: 'container' is declared but its value is never read.
src/lib/components/__tests__/Button.test.ts(191,10): error TS6133: 'container' is declared but its value is never read.
src/lib/components/__tests__/Button.test.ts(200,10): error TS6133: 'container' is declared but its value is never read.
src/lib/components/__tests__/Card.test.ts(4,10): error TS6133: 'testAllVariants' is declared but its value is never read.
src/lib/components/__tests__/Card.test.ts(147,10): error TS2339: Property 'focus' does not exist on type 'Element'.
src/lib/components/__tests__/Card.test.ts(200,10): error TS6133: 'container' is declared but its value is never read.
src/lib/components/__tests__/Card.test.ts(210,10): error TS6133: 'container' is declared but its value is never read.
src/lib/components/__tests__/Dropdown.test.ts(4,41): error TS6133: 'waitForAnimation' is declared but its value is never read.
src/lib/components/__tests__/Dropdown.test.ts(37,10): error TS6133: 'container' is declared but its value is never read.
src/lib/components/__tests__/Dropdown.test.ts(48,10): error TS6133: 'container' is declared but its value is never read.
src/lib/components/__tests__/Dropdown.test.ts(60,10): error TS6133: 'container' is declared but its value is never read.
src/lib/components/__tests__/Dropdown.test.ts(102,10): error TS6133: 'container' is declared but its value is never read.
src/lib/components/__tests__/Dropdown.test.ts(118,10): error TS6133: 'container' is declared but its value is never read.
src/lib/components/__tests__/Dropdown.test.ts(139,10): error TS6133: 'container' is declared but its value is never read.
src/lib/components/__tests__/Dropdown.test.ts(160,10): error TS6133: 'container' is declared but its value is never read.
src/lib/components/__tests__/Dropdown.test.ts(184,10): error TS6133: 'container' is declared but its value is never read.
src/lib/components/__tests__/Dropdown.test.ts(210,10): error TS6133: 'container' is declared but its value is never read.
src/lib/components/__tests__/Dropdown.test.ts(233,10): error TS6133: 'container' is declared but its value is never read.
src/lib/components/__tests__/Dropdown.test.ts(393,10): error TS6133: 'container' is declared but its value is never read.
src/lib/components/__tests__/Dropdown.test.ts(409,10): error TS6133: 'container' is declared but its value is never read.
src/lib/components/__tests__/Dropdown.test.ts(419,10): error TS6133: 'container' is declared but its value is never read.
src/lib/components/__tests__/Dropdown.test.ts(433,10): error TS6133: 'container' is declared but its value is never read.
src/lib/components/__tests__/FileUpload.svelte5.test.ts(6,2): error TS6133: 'simulateAnimation' is declared but its value is never read.
src/lib/components/__tests__/FileUpload.svelte5.test.ts(7,2): error TS6133: 'simulateMouseEvent' is declared but its value is never read.
src/lib/components/__tests__/FileUpload.svelte5.test.ts(11,2): error TS6133: 'testAccessibilityCompliance' is declared but its value is never read.
src/lib/components/__tests__/FileUpload.svelte5.test.ts(54,61): error TS2322: Type 'string' is not assignable to type '"default"'.
src/lib/components/__tests__/FileUpload.svelte5.test.ts(87,5): error TS2322: Type 'string' is not assignable to type 'undefined'.
src/lib/components/__tests__/FileUpload.svelte5.test.ts(100,10): error TS6133: 'isDragging' is declared but its value is never read.
src/lib/components/__tests__/FileUpload.svelte5.test.ts(168,10): error TS6133: 'accept' is declared but its value is never read.
src/lib/components/__tests__/FileUpload.svelte5.test.ts(198,11): error TS2532: Object is possibly 'undefined'.
src/lib/components/__tests__/FileUpload.svelte5.test.ts(198,40): error TS2532: Object is possibly 'undefined'.
src/lib/components/__tests__/FileUpload.svelte5.test.ts(205,8): error TS6133: 'isDragging' is declared but its value is never read.
src/lib/components/__tests__/FileUpload.svelte5.test.ts(213,4): error TS2532: Object is possibly 'undefined'.
src/lib/components/__tests__/FileUpload.svelte5.test.ts(230,4): error TS2532: Object is possibly 'undefined'.
src/lib/components/__tests__/FileUpload.svelte5.test.ts(238,8): error TS6133: 'isDragging' is declared but its value is never read.
src/lib/components/__tests__/FileUpload.svelte5.test.ts(244,4): error TS2532: Object is possibly 'undefined'.
src/lib/components/__tests__/FileUpload.svelte5.test.ts(346,4): error TS2322: Type '"success"' is not assignable to type '"uploading"'.
src/lib/components/__tests__/FileUpload.svelte5.test.ts(358,4): error TS2322: Type '"error"' is not assignable to type '"uploading"'.
src/lib/components/__tests__/FileUpload.svelte5.test.ts(387,4): error TS2322: Type '"pending"' is not assignable to type '"uploading"'.
src/lib/components/__tests__/FileUpload.svelte5.test.ts(398,4): error TS2322: Type '"pending"' is not assignable to type '"error"'.
src/lib/components/__tests__/FileUpload.svelte5.test.ts(399,11): error TS2790: The operand of a 'delete' operator must be optional.
src/lib/components/__tests__/FileUpload.svelte5.test.ts(466,4): error TS2532: Object is possibly 'undefined'.
src/lib/components/__tests__/Input.svelte5.test.ts(9,2): error TS6133: 'expectAriaAttributes' is declared but its value is never read.
src/lib/components/__tests__/Input.svelte5.test.ts(10,2): error TS6133: 'testAccessibilityCompliance' is declared but its value is never read.
src/lib/components/__tests__/Input.svelte5.test.ts(14,2): error TS6133: 'simulateMouseEvent' is declared but its value is never read.
src/lib/components/__tests__/Input.svelte5.test.ts(42,11): error TS6133: 'props' is declared but its value is never read.
src/lib/components/__tests__/Input.svelte5.test.ts(52,11): error TS6133: 'props' is declared but its value is never read.
src/lib/components/__tests__/Input.svelte5.test.ts(64,11): error TS6133: 'props' is declared but its value is never read.
src/lib/components/__tests__/Input.svelte5.test.ts(64,56): error TS2322: Type 'string' is not assignable to type '"number" | "text" | "email" | "password" | undefined'.
src/lib/components/__tests__/Input.svelte5.test.ts(148,19): error TS4111: Property 'boxShadow' comes from an index signature, so it must be accessed with ['boxShadow'].
src/lib/components/__tests__/Input.svelte5.test.ts(152,25): error TS4111: Property 'boxShadow' comes from an index signature, so it must be accessed with ['boxShadow'].
src/lib/components/__tests__/Input.svelte5.test.ts(174,19): error TS4111: Property 'backdropFilter' comes from an index signature, so it must be accessed with ['backdropFilter'].
src/lib/components/__tests__/Input.svelte5.test.ts(178,25): error TS4111: Property 'backdropFilter' comes from an index signature, so it must be accessed with ['backdropFilter'].
src/lib/components/__tests__/Input.svelte5.test.ts(184,10): error TS6133: 'props' is declared but its value is never read.
src/lib/components/__tests__/Input.svelte5.test.ts(195,10): error TS6133: 'props' is declared but its value is never read.
src/lib/components/__tests__/Input.svelte5.test.ts(206,10): error TS6133: 'props' is declared but its value is never read.
src/lib/components/__tests__/Input.svelte5.test.ts(210,39): error TS7006: Parameter 'e' implicitly has an 'any' type.
src/lib/components/__tests__/Input.svelte5.test.ts(326,25): error TS4111: Property 'transition' comes from an index signature, so it must be accessed with ['transition'].
src/lib/components/__tests__/Input.svelte5.test.ts(346,10): error TS6133: 'props' is declared but its value is never read.
src/lib/components/__tests__/Input.svelte5.test.ts(359,10): error TS6133: 'props' is declared but its value is never read.
src/lib/components/__tests__/Input.svelte5.test.ts(443,10): error TS6133: 'element' is declared but its value is never read.
src/lib/components/__tests__/Input.test.ts(13,10): error TS6133: 'container' is declared but its value is never read.
src/lib/components/__tests__/Input.test.ts(23,10): error TS6133: 'container' is declared but its value is never read.
src/lib/components/__tests__/Input.test.ts(45,11): error TS6133: 'container' is declared but its value is never read.
src/lib/components/__tests__/Input.test.ts(60,11): error TS6133: 'container' is declared but its value is never read.
src/lib/components/__tests__/Input.test.ts(72,10): error TS6133: 'container' is declared but its value is never read.
src/lib/components/__tests__/Input.test.ts(82,10): error TS6133: 'container' is declared but its value is never read.
src/lib/components/__tests__/Input.test.ts(120,10): error TS6133: 'container' is declared but its value is never read.
src/lib/components/__tests__/Input.test.ts(139,10): error TS6133: 'container' is declared but its value is never read.
src/lib/components/__tests__/Input.test.ts(178,10): error TS6133: 'container' is declared but its value is never read.
src/lib/components/__tests__/Input.test.ts(187,10): error TS6133: 'container' is declared but its value is never read.
src/lib/components/__tests__/Input.test.ts(203,10): error TS6133: 'container' is declared but its value is never read.
src/lib/components/__tests__/Input.test.ts(217,10): error TS6133: 'container' is declared but its value is never read.
src/lib/components/__tests__/Input.test.ts(236,10): error TS6133: 'container' is declared but its value is never read.
src/lib/components/__tests__/Input.test.ts(279,10): error TS6133: 'container' is declared but its value is never read.
src/lib/components/__tests__/Input.test.ts(309,10): error TS6133: 'container' is declared but its value is never read.
src/lib/components/__tests__/List.svelte5.test.ts(7,2): error TS6133: 'simulateMouseEvent' is declared but its value is never read.
src/lib/components/__tests__/List.svelte5.test.ts(12,2): error TS6133: 'testAccessibilityCompliance' is declared but its value is never read.
src/lib/components/__tests__/List.svelte5.test.ts(47,55): error TS2322: Type 'string' is not assignable to type '"glass"'.
src/lib/components/__tests__/List.svelte5.test.ts(56,55): error TS2322: Type 'string' is not assignable to type '"md"'.
src/lib/components/__tests__/List.svelte5.test.ts(149,11): error TS2532: Object is possibly 'undefined'.
src/lib/components/__tests__/List.svelte5.test.ts(168,11): error TS2532: Object is possibly 'undefined'.
src/lib/components/__tests__/List.svelte5.test.ts(182,11): error TS2532: Object is possibly 'undefined'.
src/lib/components/__tests__/List.svelte5.test.ts(183,11): error TS2532: Object is possibly 'undefined'.
src/lib/components/__tests__/List.svelte5.test.ts(184,11): error TS2532: Object is possibly 'undefined'.
src/lib/components/__tests__/List.svelte5.test.ts(196,11): error TS2532: Object is possibly 'undefined'.
src/lib/components/__tests__/List.svelte5.test.ts(197,11): error TS2532: Object is possibly 'undefined'.
src/lib/components/__tests__/List.svelte5.test.ts(220,10): error TS6133: 'variant' is declared but its value is never read.
src/lib/components/__tests__/List.svelte5.test.ts(221,10): error TS6133: 'size' is declared but its value is never read.
src/lib/components/__tests__/List.svelte5.test.ts(268,10): error TS6133: 'arrowDownEvent' is declared but its value is never read.
src/lib/components/__tests__/List.svelte5.test.ts(275,10): error TS6133: 'arrowUpEvent' is declared but its value is never read.
src/lib/components/__tests__/List.svelte5.test.ts(340,14): error TS4111: Property 'scrollTop' comes from an index signature, so it must be accessed with ['scrollTop'].
src/lib/components/__tests__/List.svelte5.test.ts(342,4): error TS2532: Object is possibly 'undefined'.
src/lib/components/__tests__/List.svelte5.test.ts(358,22): error TS4111: Property 'transition' comes from an index signature, so it must be accessed with ['transition'].
src/lib/components/__tests__/List.svelte5.test.ts(365,19): error TS6133: 'item' is declared but its value is never read.
src/lib/components/__tests__/List.svelte5.test.ts(369,24): error TS4111: Property 'animationDelay' comes from an index signature, so it must be accessed with ['animationDelay'].
src/lib/components/__tests__/List.svelte5.test.ts(371,31): error TS4111: Property 'animationDelay' comes from an index signature, so it must be accessed with ['animationDelay'].
src/lib/components/__tests__/List.svelte5.test.ts(465,10): error TS6133: 'query' is declared but its value is never read.
src/lib/components/__tests__/Modal.svelte5.test.ts(9,2): error TS6133: 'expectAriaAttributes' is declared but its value is never read.
src/lib/components/__tests__/Modal.svelte5.test.ts(10,2): error TS6133: 'testAccessibilityCompliance' is declared but its value is never read.
src/lib/components/__tests__/Modal.svelte5.test.ts(14,2): error TS6133: 'simulateMouseEvent' is declared but its value is never read.
src/lib/components/__tests__/Modal.svelte5.test.ts(29,19): error TS4111: Property 'display' comes from an index signature, so it must be accessed with ['display'].
src/lib/components/__tests__/Modal.svelte5.test.ts(34,25): error TS4111: Property 'display' comes from an index signature, so it must be accessed with ['display'].
src/lib/components/__tests__/Modal.svelte5.test.ts(44,19): error TS4111: Property 'display' comes from an index signature, so it must be accessed with ['display'].
src/lib/components/__tests__/Modal.svelte5.test.ts(47,25): error TS4111: Property 'display' comes from an index signature, so it must be accessed with ['display'].
src/lib/components/__tests__/Modal.svelte5.test.ts(78,25): error TS4111: Property 'display' comes from an index signature, so it must be accessed with ['display'].
src/lib/components/__tests__/Modal.svelte5.test.ts(81,31): error TS4111: Property 'display' comes from an index signature, so it must be accessed with ['display'].
src/lib/components/__tests__/Modal.svelte5.test.ts(94,20): error TS4111: Property 'display' comes from an index signature, so it must be accessed with ['display'].
src/lib/components/__tests__/Modal.svelte5.test.ts(101,25): error TS4111: Property 'display' comes from an index signature, so it must be accessed with ['display'].
src/lib/components/__tests__/Modal.svelte5.test.ts(113,20): error TS4111: Property 'display' comes from an index signature, so it must be accessed with ['display'].
src/lib/components/__tests__/Modal.svelte5.test.ts(120,25): error TS4111: Property 'display' comes from an index signature, so it must be accessed with ['display'].
src/lib/components/__tests__/Modal.svelte5.test.ts(131,19): error TS4111: Property 'display' comes from an index signature, so it must be accessed with ['display'].
src/lib/components/__tests__/Modal.svelte5.test.ts(135,25): error TS4111: Property 'display' comes from an index signature, so it must be accessed with ['display'].
src/lib/components/__tests__/Modal.svelte5.test.ts(141,10): error TS6133: 'element' is declared but its value is never read.
src/lib/components/__tests__/Modal.svelte5.test.ts(165,42): error TS7006: Parameter 'e' implicitly has an 'any' type.
src/lib/components/__tests__/Modal.svelte5.test.ts(216,19): error TS4111: Property 'backdropFilter' comes from an index signature, so it must be accessed with ['backdropFilter'].
src/lib/components/__tests__/Modal.svelte5.test.ts(220,25): error TS4111: Property 'backdropFilter' comes from an index signature, so it must be accessed with ['backdropFilter'].
src/lib/components/__tests__/Modal.svelte5.test.ts(229,19): error TS4111: Property 'backdropFilter' comes from an index signature, so it must be accessed with ['backdropFilter'].
src/lib/components/__tests__/Modal.svelte5.test.ts(230,19): error TS4111: Property 'backgroundColor' comes from an index signature, so it must be accessed with ['backgroundColor'].
src/lib/components/__tests__/Modal.svelte5.test.ts(234,25): error TS4111: Property 'backdropFilter' comes from an index signature, so it must be accessed with ['backdropFilter'].
src/lib/components/__tests__/Modal.svelte5.test.ts(235,25): error TS4111: Property 'backgroundColor' comes from an index signature, so it must be accessed with ['backgroundColor'].
src/lib/components/__tests__/Modal.svelte5.test.ts(257,19): error TS4111: Property 'boxShadow' comes from an index signature, so it must be accessed with ['boxShadow'].
src/lib/components/__tests__/Modal.svelte5.test.ts(261,25): error TS4111: Property 'boxShadow' comes from an index signature, so it must be accessed with ['boxShadow'].
src/lib/components/__tests__/Modal.svelte5.test.ts(299,25): error TS4111: Property 'transition' comes from an index signature, so it must be accessed with ['transition'].
src/lib/components/__tests__/Modal.svelte5.test.ts(322,10): error TS6133: 'props' is declared but its value is never read.
src/lib/components/__tests__/Modal.svelte5.test.ts(339,10): error TS6133: 'props' is declared but its value is never read.
src/lib/components/__tests__/Modal.svelte5.test.ts(350,10): error TS6133: 'props' is declared but its value is never read.
src/lib/components/__tests__/Modal.svelte5.test.ts(367,10): error TS6133: 'props' is declared but its value is never read.
src/lib/components/__tests__/Modal.svelte5.test.ts(450,19): error TS4111: Property 'display' comes from an index signature, so it must be accessed with ['display'].
src/lib/components/__tests__/Modal.svelte5.test.ts(458,25): error TS4111: Property 'display' comes from an index signature, so it must be accessed with ['display'].
src/lib/components/__tests__/Modal.test.ts(20,10): error TS6133: 'container' is declared but its value is never read.
src/lib/components/__tests__/Modal.test.ts(33,10): error TS6133: 'container' is declared but its value is never read.
src/lib/components/__tests__/Modal.test.ts(72,10): error TS6133: 'container' is declared but its value is never read.
src/lib/components/__tests__/Modal.test.ts(89,10): error TS6133: 'container' is declared but its value is never read.
src/lib/components/__tests__/Modal.test.ts(106,10): error TS6133: 'container' is declared but its value is never read.
src/lib/components/__tests__/Modal.test.ts(125,10): error TS6133: 'container' is declared but its value is never read.
src/lib/components/__tests__/Modal.test.ts(141,10): error TS6133: 'container' is declared but its value is never read.
src/lib/components/__tests__/Modal.test.ts(167,10): error TS6133: 'firstButton' is declared but its value is never read.
src/lib/components/__tests__/Modal.test.ts(182,10): error TS6133: 'container' is declared but its value is never read.
src/lib/components/__tests__/Modal.test.ts(264,10): error TS6133: 'container' is declared but its value is never read.
src/lib/components/__tests__/Modal.test.ts(325,11): error TS6133: 'container' is declared but its value is never read.
src/lib/components/__tests__/MultiSelect.svelte5.test.ts(7,2): error TS6133: 'simulateMouseEvent' is declared but its value is never read.
src/lib/components/__tests__/MultiSelect.svelte5.test.ts(12,2): error TS6133: 'testAccessibilityCompliance' is declared but its value is never read.
src/lib/components/__tests__/MultiSelect.svelte5.test.ts(52,62): error TS2322: Type 'string' is not assignable to type '"glass"'.
src/lib/components/__tests__/MultiSelect.svelte5.test.ts(61,62): error TS2322: Type 'string' is not assignable to type '"md"'.
src/lib/components/__tests__/MultiSelect.svelte5.test.ts(143,9): error TS18048: 'option' is possibly 'undefined'.
src/lib/components/__tests__/MultiSelect.svelte5.test.ts(144,24): error TS18048: 'option' is possibly 'undefined'.
src/lib/components/__tests__/MultiSelect.svelte5.test.ts(187,11): error TS2532: Object is possibly 'undefined'.
src/lib/components/__tests__/MultiSelect.svelte5.test.ts(297,19): error TS4111: Property 'maxHeight' comes from an index signature, so it must be accessed with ['maxHeight'].
src/lib/components/__tests__/MultiSelect.svelte5.test.ts(300,26): error TS4111: Property 'maxHeight' comes from an index signature, so it must be accessed with ['maxHeight'].
src/lib/components/__tests__/MultiSelect.svelte5.test.ts(356,10): error TS6133: 'escapeEvent' is declared but its value is never read.
src/lib/components/__tests__/MultiSelect.svelte5.test.ts(427,26): error TS4111: Property 'transition' comes from an index signature, so it must be accessed with ['transition'].
src/lib/components/__tests__/MultiSelect.svelte5.test.ts(435,15): error TS4111: Property 'animation' comes from an index signature, so it must be accessed with ['animation'].
src/lib/components/__tests__/MultiSelect.svelte5.test.ts(438,21): error TS4111: Property 'animation' comes from an index signature, so it must be accessed with ['animation'].
src/lib/components/__tests__/MultiSelect.svelte5.test.ts(449,20): error TS4111: Property 'transition' comes from an index signature, so it must be accessed with ['transition'].
src/lib/components/__tests__/MultiSelect.svelte5.test.ts(452,26): error TS4111: Property 'transition' comes from an index signature, so it must be accessed with ['transition'].
src/lib/components/__tests__/Pagination.test.ts(13,10): error TS6133: 'container' is declared but its value is never read.
src/lib/components/__tests__/Pagination.test.ts(23,10): error TS6133: 'container' is declared but its value is never read.
src/lib/components/__tests__/Pagination.test.ts(38,10): error TS6133: 'container' is declared but its value is never read.
src/lib/components/__tests__/Pagination.test.ts(82,10): error TS6133: 'container' is declared but its value is never read.
src/lib/components/__tests__/Pagination.test.ts(105,10): error TS6133: 'container' is declared but its value is never read.
src/lib/components/__tests__/Pagination.test.ts(118,10): error TS6133: 'container' is declared but its value is never read.
src/lib/components/__tests__/Pagination.test.ts(138,10): error TS6133: 'container' is declared but its value is never read.
src/lib/components/__tests__/Pagination.test.ts(154,10): error TS6133: 'container' is declared but its value is never read.
src/lib/components/__tests__/Pagination.test.ts(170,10): error TS6133: 'container' is declared but its value is never read.
src/lib/components/__tests__/Pagination.test.ts(186,10): error TS6133: 'container' is declared but its value is never read.
src/lib/components/__tests__/Pagination.test.ts(202,10): error TS6133: 'container' is declared but its value is never read.
src/lib/components/__tests__/Pagination.test.ts(219,10): error TS6133: 'container' is declared but its value is never read.
src/lib/components/__tests__/Pagination.test.ts(236,10): error TS6133: 'container' is declared but its value is never read.
src/lib/components/__tests__/Pagination.test.ts(254,10): error TS6133: 'container' is declared but its value is never read.
src/lib/components/__tests__/Pagination.test.ts(270,10): error TS6133: 'container' is declared but its value is never read.
src/lib/components/__tests__/Pagination.test.ts(287,10): error TS6133: 'container' is declared but its value is never read.
src/lib/components/__tests__/Pagination.test.ts(315,10): error TS6133: 'container' is declared but its value is never read.
src/lib/components/__tests__/Pagination.test.ts(332,10): error TS6133: 'container' is declared but its value is never read.
src/lib/components/__tests__/Pagination.test.ts(352,10): error TS6133: 'container' is declared but its value is never read.
src/lib/components/__tests__/Pagination.test.ts(370,10): error TS6133: 'container' is declared but its value is never read.
src/lib/components/__tests__/Pagination.test.ts(379,10): error TS6133: 'container' is declared but its value is never read.
src/lib/components/__tests__/Pagination.test.ts(394,10): error TS6133: 'container' is declared but its value is never read.
src/lib/components/__tests__/Pagination.test.ts(409,10): error TS6133: 'container' is declared but its value is never read.
src/lib/components/__tests__/Progress.svelte5.test.ts(10,2): error TS6133: 'testAccessibilityCompliance' is declared but its value is never read.
src/lib/components/__tests__/Progress.svelte5.test.ts(11,2): error TS6133: 'testEventCleanup' is declared but its value is never read.
src/lib/components/__tests__/Progress.svelte5.test.ts(49,59): error TS2322: Type 'string' is not assignable to type '"glass"'.
src/lib/components/__tests__/Progress.svelte5.test.ts(58,59): error TS2322: Type 'string' is not assignable to type '"linear"'.
src/lib/components/__tests__/Progress.svelte5.test.ts(65,59): error TS2322: Type '"lg" | "md" | "sm"' is not assignable to type '"md" | undefined'.
  Type '"lg"' is not assignable to type '"md"'.
src/lib/components/__tests__/Progress.svelte5.test.ts(132,10): error TS6133: 'type' is declared but its value is never read.
src/lib/components/__tests__/Progress.svelte5.test.ts(150,15): error TS4111: Property 'width' comes from an index signature, so it must be accessed with ['width'].
src/lib/components/__tests__/Progress.svelte5.test.ts(153,22): error TS4111: Property 'width' comes from an index signature, so it must be accessed with ['width'].
src/lib/components/__tests__/Progress.svelte5.test.ts(172,10): error TS6133: 'type' is declared but its value is never read.
src/lib/components/__tests__/Progress.svelte5.test.ts(180,10): error TS6133: 'svg' is declared but its value is never read.
src/lib/components/__tests__/Progress.svelte5.test.ts(189,17): error TS4111: Property 'strokeDasharray' comes from an index signature, so it must be accessed with ['strokeDasharray'].
src/lib/components/__tests__/Progress.svelte5.test.ts(190,17): error TS4111: Property 'strokeDashoffset' comes from an index signature, so it must be accessed with ['strokeDashoffset'].
src/lib/components/__tests__/Progress.svelte5.test.ts(194,24): error TS4111: Property 'strokeDasharray' comes from an index signature, so it must be accessed with ['strokeDasharray'].
src/lib/components/__tests__/Progress.svelte5.test.ts(195,35): error TS4111: Property 'strokeDashoffset' comes from an index signature, so it must be accessed with ['strokeDashoffset'].
src/lib/components/__tests__/Progress.svelte5.test.ts(258,22): error TS4111: Property 'transition' comes from an index signature, so it must be accessed with ['transition'].
src/lib/components/__tests__/Progress.svelte5.test.ts(279,16): error TS4111: Property 'animation' comes from an index signature, so it must be accessed with ['animation'].
src/lib/components/__tests__/Progress.svelte5.test.ts(282,22): error TS4111: Property 'animation' comes from an index signature, so it must be accessed with ['animation'].
src/lib/components/__tests__/Progress.svelte5.test.ts(291,18): error TS4111: Property 'transition' comes from an index signature, so it must be accessed with ['transition'].
src/lib/components/__tests__/Progress.svelte5.test.ts(294,24): error TS4111: Property 'transition' comes from an index signature, so it must be accessed with ['transition'].
src/lib/components/__tests__/Progress.svelte5.test.ts(330,14): error TS4111: Property 'removeAttribute' comes from an index signature, so it must be accessed with ['removeAttribute'].
src/lib/components/__tests__/Progress.svelte5.test.ts(384,16): error TS4111: Property 'width' comes from an index signature, so it must be accessed with ['width'].
src/lib/components/__tests__/Progress.svelte5.test.ts(387,22): error TS4111: Property 'width' comes from an index signature, so it must be accessed with ['width'].
src/lib/components/__tests__/Radio.test.ts(19,10): error TS6133: 'container' is declared but its value is never read.
src/lib/components/__tests__/Radio.test.ts(96,10): error TS6133: 'container' is declared but its value is never read.
src/lib/components/__tests__/Radio.test.ts(115,10): error TS6133: 'container' is declared but its value is never read.
src/lib/components/__tests__/Radio.test.ts(196,10): error TS6133: 'container' is declared but its value is never read.
src/lib/components/__tests__/Radio.test.ts(236,44): error TS2532: Object is possibly 'undefined'.
src/lib/components/__tests__/Select.svelte5.test.ts(8,2): error TS6133: 'simulateMouseEvent' is declared but its value is never read.
src/lib/components/__tests__/Select.svelte5.test.ts(12,2): error TS6133: 'testAccessibilityCompliance' is declared but its value is never read.
src/lib/components/__tests__/Select.svelte5.test.ts(14,2): error TS6133: 'commonVariants' is declared but its value is never read.
src/lib/components/__tests__/Select.svelte5.test.ts(50,57): error TS2322: Type 'string' is not assignable to type '"glass"'.
src/lib/components/__tests__/Select.svelte5.test.ts(57,57): error TS2322: Type '"lg" | "md" | "sm"' is not assignable to type '"md" | undefined'.
  Type '"lg"' is not assignable to type '"md"'.
src/lib/components/__tests__/Select.svelte5.test.ts(183,16): error TS2339: Property 'disabled' does not exist on type '{ value: string; label: string; }'.
src/lib/components/__tests__/Select.svelte5.test.ts(219,10): error TS6133: 'onValueChange' is declared but its value is never read.
src/lib/components/__tests__/Select.svelte5.test.ts(325,26): error TS4111: Property 'transition' comes from an index signature, so it must be accessed with ['transition'].
src/lib/components/__tests__/Select.svelte5.test.ts(333,10): error TS6133: 'value' is declared but its value is never read.
src/lib/components/__tests__/Select.svelte5.test.ts(359,10): error TS6133: 'optionData' is declared but its value is never read.
src/lib/components/__tests__/Select.svelte5.test.ts(379,4): error TS2532: Object is possibly 'undefined'.
src/lib/components/__tests__/Select.svelte5.test.ts(381,11): error TS2532: Object is possibly 'undefined'.
src/lib/components/__tests__/Select.svelte5.test.ts(385,4): error TS2532: Object is possibly 'undefined'.
src/lib/components/__tests__/Select.svelte5.test.ts(387,11): error TS2532: Object is possibly 'undefined'.
src/lib/components/__tests__/Skeleton.test.ts(2,18): error TS6133: 'screen' is declared but its value is never read.
src/lib/components/__tests__/Skeleton.test.ts(2,26): error TS6133: 'waitFor' is declared but its value is never read.
src/lib/components/__tests__/Slider.svelte5.test.ts(12,2): error TS6133: 'testAccessibilityCompliance' is declared but its value is never read.
src/lib/components/__tests__/Slider.svelte5.test.ts(57,57): error TS2322: Type 'string' is not assignable to type '"glass"'.
src/lib/components/__tests__/Slider.svelte5.test.ts(64,57): error TS2322: Type '"lg" | "md" | "sm"' is not assignable to type '"md" | undefined'.
  Type '"lg"' is not assignable to type '"md"'.
src/lib/components/__tests__/Slider.svelte5.test.ts(87,13): error TS2322: Type 'number' is not assignable to type 'never'.
src/lib/components/__tests__/Slider.svelte5.test.ts(87,16): error TS2322: Type 'number' is not assignable to type 'never'.
src/lib/components/__tests__/Slider.svelte5.test.ts(87,20): error TS2322: Type 'number' is not assignable to type 'never'.
src/lib/components/__tests__/Slider.svelte5.test.ts(87,24): error TS2322: Type 'number' is not assignable to type 'never'.
src/lib/components/__tests__/Slider.svelte5.test.ts(87,28): error TS2322: Type 'number' is not assignable to type 'never'.
src/lib/components/__tests__/Slider.svelte5.test.ts(176,10): error TS6133: 'min' is declared but its value is never read.
src/lib/components/__tests__/Slider.svelte5.test.ts(215,31): error TS6133: 'e' is declared but its value is never read.
src/lib/components/__tests__/Slider.svelte5.test.ts(249,10): error TS6133: 'rightEvent' is declared but its value is never read.
src/lib/components/__tests__/Slider.svelte5.test.ts(255,10): error TS6133: 'leftEvent' is declared but its value is never read.
src/lib/components/__tests__/Slider.svelte5.test.ts(261,10): error TS6133: 'pageUpEvent' is declared but its value is never read.
src/lib/components/__tests__/Slider.svelte5.test.ts(267,10): error TS6133: 'pageDownEvent' is declared but its value is never read.
src/lib/components/__tests__/Slider.svelte5.test.ts(273,10): error TS6133: 'homeEvent' is declared but its value is never read.
src/lib/components/__tests__/Slider.svelte5.test.ts(279,10): error TS6133: 'endEvent' is declared but its value is never read.
src/lib/components/__tests__/Slider.svelte5.test.ts(320,23): error TS4111: Property 'transition' comes from an index signature, so it must be accessed with ['transition'].
src/lib/components/__tests__/Slider.svelte5.test.ts(331,22): error TS4111: Property 'transition' comes from an index signature, so it must be accessed with ['transition'].
src/lib/components/__tests__/Slider.svelte5.test.ts(339,17): error TS4111: Property 'transform' comes from an index signature, so it must be accessed with ['transform'].
src/lib/components/__tests__/Slider.svelte5.test.ts(341,18): error TS4111: Property 'transform' comes from an index signature, so it must be accessed with ['transform'].
src/lib/components/__tests__/Slider.svelte5.test.ts(345,23): error TS4111: Property 'transform' comes from an index signature, so it must be accessed with ['transform'].
src/lib/components/__tests__/Slider.svelte5.test.ts(401,10): error TS6133: 'showMarks' is declared but its value is never read.
src/lib/components/__tests__/Slider.svelte5.test.ts(407,23): error TS4111: Property 'left' comes from an index signature, so it must be accessed with ['left'].
src/lib/components/__tests__/Slider.svelte5.test.ts(408,30): error TS4111: Property 'left' comes from an index signature, so it must be accessed with ['left'].
src/lib/components/__tests__/Slider.svelte5.test.ts(428,21): error TS4111: Property 'left' comes from an index signature, so it must be accessed with ['left'].
src/lib/components/__tests__/Slider.svelte5.test.ts(429,21): error TS4111: Property 'transform' comes from an index signature, so it must be accessed with ['transform'].
src/lib/components/__tests__/Slider.svelte5.test.ts(431,28): error TS4111: Property 'left' comes from an index signature, so it must be accessed with ['left'].
src/lib/components/__tests__/Slider.svelte5.test.ts(432,28): error TS4111: Property 'transform' comes from an index signature, so it must be accessed with ['transform'].
src/lib/components/__tests__/svelte5-test-utils.ts(143,17): error TS4111: Property 'transition' comes from an index signature, so it must be accessed with ['transition'].
src/lib/components/__tests__/svelte5-test-utils.ts(150,17): error TS4111: Property 'transition' comes from an index signature, so it must be accessed with ['transition'].
src/lib/components/__tests__/Switch.test.ts(4,10): error TS6133: 'testAllVariants' is declared but its value is never read.
src/lib/components/__tests__/Switch.test.ts(4,27): error TS6133: 'testAllSizes' is declared but its value is never read.
src/lib/components/__tests__/Switch.test.ts(22,10): error TS6133: 'container' is declared but its value is never read.
src/lib/components/__tests__/Switch.test.ts(32,10): error TS6133: 'container' is declared but its value is never read.
src/lib/components/__tests__/Switch.test.ts(194,10): error TS6133: 'container' is declared but its value is never read.
src/lib/components/__tests__/Switch.test.ts(266,10): error TS6133: 'container' is declared but its value is never read.
src/lib/components/__tests__/Switch.test.ts(282,10): error TS6133: 'container' is declared but its value is never read.
src/lib/components/__tests__/Switch.test.ts(535,10): error TS6133: 'container' is declared but its value is never read.
src/lib/components/__tests__/Table.svelte5.test.ts(6,2): error TS6133: 'simulateAnimation' is declared but its value is never read.
src/lib/components/__tests__/Table.svelte5.test.ts(7,2): error TS6133: 'simulateMouseEvent' is declared but its value is never read.
src/lib/components/__tests__/Table.svelte5.test.ts(11,2): error TS6133: 'testAccessibilityCompliance' is declared but its value is never read.
src/lib/components/__tests__/Table.svelte5.test.ts(57,56): error TS2322: Type 'string' is not assignable to type '"default"'.
src/lib/components/__tests__/Table.svelte5.test.ts(64,56): error TS2322: Type '"lg" | "md" | "sm"' is not assignable to type '"md" | undefined'.
  Type '"lg"' is not assignable to type '"md"'.
src/lib/components/__tests__/Table.svelte5.test.ts(100,5): error TS2322: Type '"desc"' is not assignable to type '"asc"'.
src/lib/components/__tests__/Table.svelte5.test.ts(122,19): error TS4111: Property 'maxHeight' comes from an index signature, so it must be accessed with ['maxHeight'].
src/lib/components/__tests__/Table.svelte5.test.ts(126,25): error TS4111: Property 'maxHeight' comes from an index signature, so it must be accessed with ['maxHeight'].
src/lib/components/__tests__/Table.svelte5.test.ts(186,41): error TS6133: 'align' is declared but its value is never read.
src/lib/components/__tests__/Table.svelte5.test.ts(199,14): error TS4111: Property 'width' comes from an index signature, so it must be accessed with ['width'].
src/lib/components/__tests__/Table.svelte5.test.ts(202,20): error TS4111: Property 'width' comes from an index signature, so it must be accessed with ['width'].
src/lib/components/__tests__/Table.svelte5.test.ts(226,58): error TS2554: Expected 1 arguments, but got 2.
src/lib/components/__tests__/Table.svelte5.test.ts(290,11): error TS2532: Object is possibly 'undefined'.
src/lib/components/__tests__/Table.svelte5.test.ts(291,11): error TS2532: Object is possibly 'undefined'.
src/lib/components/__tests__/Table.svelte5.test.ts(497,19): error TS4111: Property 'height' comes from an index signature, so it must be accessed with ['height'].
src/lib/components/__tests__/Table.svelte5.test.ts(498,19): error TS4111: Property 'overflowY' comes from an index signature, so it must be accessed with ['overflowY'].
src/lib/components/__tests__/Table.svelte5.test.ts(501,25): error TS4111: Property 'height' comes from an index signature, so it must be accessed with ['height'].
src/lib/components/__tests__/Table.svelte5.test.ts(502,25): error TS4111: Property 'overflowY' comes from an index signature, so it must be accessed with ['overflowY'].
src/lib/components/__tests__/Tabs.test.ts(34,10): error TS6133: 'container' is declared but its value is never read.
src/lib/components/__tests__/Tabs.test.ts(45,10): error TS6133: 'container' is declared but its value is never read.
src/lib/components/__tests__/Tabs.test.ts(57,10): error TS6133: 'container' is declared but its value is never read.
src/lib/components/__tests__/Tabs.test.ts(142,10): error TS6133: 'container' is declared but its value is never read.
src/lib/components/__tests__/Tabs.test.ts(158,10): error TS6133: 'container' is declared but its value is never read.
src/lib/components/__tests__/Tabs.test.ts(176,10): error TS6133: 'container' is declared but its value is never read.
src/lib/components/__tests__/Tabs.test.ts(193,10): error TS6133: 'container' is declared but its value is never read.
src/lib/components/__tests__/Tabs.test.ts(204,10): error TS6133: 'container' is declared but its value is never read.
src/lib/components/__tests__/Tabs.test.ts(225,10): error TS6133: 'container' is declared but its value is never read.
src/lib/components/__tests__/Tabs.test.ts(240,10): error TS6133: 'container' is declared but its value is never read.
src/lib/components/__tests__/Tabs.test.ts(254,10): error TS6133: 'container' is declared but its value is never read.
src/lib/components/__tests__/Tabs.test.ts(275,10): error TS6133: 'container' is declared but its value is never read.
src/lib/components/__tests__/Tabs.test.ts(297,10): error TS6133: 'container' is declared but its value is never read.
src/lib/components/__tests__/Tabs.test.ts(313,10): error TS6133: 'container' is declared but its value is never read.
src/lib/components/__tests__/Tabs.test.ts(329,10): error TS6133: 'container' is declared but its value is never read.
src/lib/components/__tests__/Tabs.test.ts(345,10): error TS6133: 'container' is declared but its value is never read.
src/lib/components/__tests__/Tabs.test.ts(359,10): error TS6133: 'container' is declared but its value is never read.
src/lib/components/__tests__/Tabs.test.ts(370,10): error TS6133: 'container' is declared but its value is never read.
src/lib/components/__tests__/Tabs.test.ts(384,10): error TS6133: 'container' is declared but its value is never read.
src/lib/components/__tests__/Tabs.test.ts(431,10): error TS6133: 'container' is declared but its value is never read.
src/lib/components/__tests__/Tabs.test.ts(449,10): error TS6133: 'container' is declared but its value is never read.
src/lib/components/__tests__/Tabs.test.ts(463,10): error TS6133: 'container' is declared but its value is never read.
src/lib/components/__tests__/Tabs.test.ts(476,10): error TS6133: 'container' is declared but its value is never read.
src/lib/components/__tests__/Tabs.test.ts(490,10): error TS6133: 'container' is declared but its value is never read.
src/lib/components/__tests__/Tabs.test.ts(526,10): error TS6133: 'container' is declared but its value is never read.
src/lib/components/__tests__/Tabs.test.ts(553,10): error TS6133: 'container' is declared but its value is never read.
src/lib/components/__tests__/Tabs.test.ts(605,10): error TS6133: 'container' is declared but its value is never read.
src/lib/components/__tests__/Tabs.test.ts(628,10): error TS6133: 'container' is declared but its value is never read.
src/lib/components/__tests__/TerminalWindow.svelte5.test.ts(6,2): error TS6133: 'simulateAnimation' is declared but its value is never read.
src/lib/components/__tests__/TerminalWindow.svelte5.test.ts(7,2): error TS6133: 'simulateMouseEvent' is declared but its value is never read.
src/lib/components/__tests__/TerminalWindow.svelte5.test.ts(12,2): error TS6133: 'testAccessibilityCompliance' is declared but its value is never read.
src/lib/components/__tests__/TerminalWindow.svelte5.test.ts(58,65): error TS2322: Type 'string' is not assignable to type '"classic"'.
src/lib/components/__tests__/TerminalWindow.svelte5.test.ts(67,65): error TS2322: Type 'string' is not assignable to type '"dark"'.
src/lib/components/__tests__/TerminalWindow.svelte5.test.ts(76,65): error TS2322: Type 'string' is not assignable to type '"md"'.
src/lib/components/__tests__/TerminalWindow.svelte5.test.ts(120,10): error TS6133: 'theme' is declared but its value is never read.
src/lib/components/__tests__/TerminalWindow.svelte5.test.ts(137,10): error TS6133: 'theme' is declared but its value is never read.
src/lib/components/__tests__/TerminalWindow.svelte5.test.ts(152,10): error TS6133: 'theme' is declared but its value is never read.
src/lib/components/__tests__/TerminalWindow.svelte5.test.ts(162,18): error TS4111: Property 'maxHeight' comes from an index signature, so it must be accessed with ['maxHeight'].
src/lib/components/__tests__/TerminalWindow.svelte5.test.ts(165,25): error TS4111: Property 'maxHeight' comes from an index signature, so it must be accessed with ['maxHeight'].
src/lib/components/__tests__/TerminalWindow.svelte5.test.ts(176,37): error TS6133: 'theme' is declared but its value is never read.
src/lib/components/__tests__/TerminalWindow.svelte5.test.ts(230,42): error TS18048: 'command' is possibly 'undefined'.
src/lib/components/__tests__/TerminalWindow.svelte5.test.ts(239,32): error TS18048: 'command' is possibly 'undefined'.
src/lib/components/__tests__/TerminalWindow.svelte5.test.ts(251,18): error TS4111: Property 'innerHTML' comes from an index signature, so it must be accessed with ['innerHTML'].
src/lib/components/__tests__/TerminalWindow.svelte5.test.ts(253,25): error TS4111: Property 'innerHTML' comes from an index signature, so it must be accessed with ['innerHTML'].
src/lib/components/__tests__/TerminalWindow.svelte5.test.ts(254,25): error TS4111: Property 'innerHTML' comes from an index signature, so it must be accessed with ['innerHTML'].
src/lib/components/__tests__/TerminalWindow.svelte5.test.ts(327,10): error TS6133: 'currentLine' is declared but its value is never read.
src/lib/components/__tests__/TerminalWindow.svelte5.test.ts(330,17): error TS4111: Property 'position' comes from an index signature, so it must be accessed with ['position'].
src/lib/components/__tests__/TerminalWindow.svelte5.test.ts(331,17): error TS4111: Property 'right' comes from an index signature, so it must be accessed with ['right'].
src/lib/components/__tests__/TerminalWindow.svelte5.test.ts(333,24): error TS4111: Property 'position' comes from an index signature, so it must be accessed with ['position'].
src/lib/components/__tests__/TerminalWindow.svelte5.test.ts(334,24): error TS4111: Property 'right' comes from an index signature, so it must be accessed with ['right'].
src/lib/components/__tests__/TerminalWindow.svelte5.test.ts(342,18): error TS4111: Property 'opacity' comes from an index signature, so it must be accessed with ['opacity'].
src/lib/components/__tests__/TerminalWindow.svelte5.test.ts(344,18): error TS4111: Property 'opacity' comes from an index signature, so it must be accessed with ['opacity'].
src/lib/components/__tests__/TerminalWindow.svelte5.test.ts(347,24): error TS4111: Property 'opacity' comes from an index signature, so it must be accessed with ['opacity'].
src/lib/components/__tests__/TerminalWindow.svelte5.test.ts(360,27): error TS4111: Property 'value' comes from an index signature, so it must be accessed with ['value'].
src/lib/components/__tests__/TerminalWindow.svelte5.test.ts(365,5): error TS2532: Object is possibly 'undefined'.
src/lib/components/__tests__/TerminalWindow.svelte5.test.ts(405,6): error TS2322: Type 'string | undefined' is not assignable to type 'string'.
  Type 'undefined' is not assignable to type 'string'.
src/lib/components/__tests__/TerminalWindow.svelte5.test.ts(419,15): error TS4111: Property 'scrollTop' comes from an index signature, so it must be accessed with ['scrollTop'].
src/lib/components/__tests__/TerminalWindow.svelte5.test.ts(419,37): error TS4111: Property 'scrollHeight' comes from an index signature, so it must be accessed with ['scrollHeight'].
src/lib/components/__tests__/TerminalWindow.svelte5.test.ts(422,21): error TS4111: Property 'scrollTop' comes from an index signature, so it must be accessed with ['scrollTop'].
src/lib/components/__tests__/TerminalWindow.svelte5.test.ts(431,15): error TS4111: Property 'scrollTop' comes from an index signature, so it must be accessed with ['scrollTop'].
src/lib/components/__tests__/TerminalWindow.svelte5.test.ts(431,37): error TS4111: Property 'scrollHeight' comes from an index signature, so it must be accessed with ['scrollHeight'].
src/lib/components/__tests__/TerminalWindow.svelte5.test.ts(435,21): error TS4111: Property 'scrollTop' comes from an index signature, so it must be accessed with ['scrollTop'].
src/lib/components/__tests__/Textarea.svelte5.test.ts(11,2): error TS6133: 'testAccessibilityCompliance' is declared but its value is never read.
src/lib/components/__tests__/Textarea.svelte5.test.ts(43,59): error TS2322: Type 'string' is not assignable to type '"glass"'.
src/lib/components/__tests__/Textarea.svelte5.test.ts(50,59): error TS2322: Type '"lg" | "md" | "sm"' is not assignable to type '"md" | undefined'.
  Type '"lg"' is not assignable to type '"md"'.
src/lib/components/__tests__/Textarea.svelte5.test.ts(68,5): error TS2322: Type 'number' is not assignable to type 'undefined'.
src/lib/components/__tests__/Textarea.svelte5.test.ts(83,59): error TS2322: Type 'string' is not assignable to type '"vertical"'.
src/lib/components/__tests__/Textarea.svelte5.test.ts(125,8): error TS2367: This comparison appears to be unintentional because the types '"vertical"' and '"none"' have no overlap.
src/lib/components/__tests__/Textarea.svelte5.test.ts(126,20): error TS4111: Property 'resize' comes from an index signature, so it must be accessed with ['resize'].
src/lib/components/__tests__/Textarea.svelte5.test.ts(127,15): error TS2367: This comparison appears to be unintentional because the types '"vertical"' and '"both"' have no overlap.
src/lib/components/__tests__/Textarea.svelte5.test.ts(128,20): error TS4111: Property 'resize' comes from an index signature, so it must be accessed with ['resize'].
src/lib/components/__tests__/Textarea.svelte5.test.ts(129,15): error TS2367: This comparison appears to be unintentional because the types '"vertical"' and '"horizontal"' have no overlap.
src/lib/components/__tests__/Textarea.svelte5.test.ts(130,20): error TS4111: Property 'resize' comes from an index signature, so it must be accessed with ['resize'].
src/lib/components/__tests__/Textarea.svelte5.test.ts(132,20): error TS4111: Property 'resize' comes from an index signature, so it must be accessed with ['resize'].
src/lib/components/__tests__/Textarea.svelte5.test.ts(135,26): error TS4111: Property 'resize' comes from an index signature, so it must be accessed with ['resize'].
src/lib/components/__tests__/Textarea.svelte5.test.ts(177,20): error TS4111: Property 'height' comes from an index signature, so it must be accessed with ['height'].
src/lib/components/__tests__/Textarea.svelte5.test.ts(178,61): error TS4111: Property 'scrollHeight' comes from an index signature, so it must be accessed with ['scrollHeight'].
src/lib/components/__tests__/Textarea.svelte5.test.ts(179,20): error TS4111: Property 'height' comes from an index signature, so it must be accessed with ['height'].
src/lib/components/__tests__/Textarea.svelte5.test.ts(182,26): error TS4111: Property 'height' comes from an index signature, so it must be accessed with ['height'].
src/lib/components/__tests__/Textarea.svelte5.test.ts(195,61): error TS4111: Property 'scrollHeight' comes from an index signature, so it must be accessed with ['scrollHeight'].
src/lib/components/__tests__/Textarea.svelte5.test.ts(196,20): error TS4111: Property 'height' comes from an index signature, so it must be accessed with ['height'].
src/lib/components/__tests__/Textarea.svelte5.test.ts(199,26): error TS4111: Property 'height' comes from an index signature, so it must be accessed with ['height'].
src/lib/components/__tests__/Textarea.svelte5.test.ts(212,61): error TS4111: Property 'scrollHeight' comes from an index signature, so it must be accessed with ['scrollHeight'].
src/lib/components/__tests__/Textarea.svelte5.test.ts(213,20): error TS4111: Property 'height' comes from an index signature, so it must be accessed with ['height'].
src/lib/components/__tests__/Textarea.svelte5.test.ts(216,26): error TS4111: Property 'height' comes from an index signature, so it must be accessed with ['height'].
src/lib/components/__tests__/Textarea.svelte5.test.ts(225,20): error TS4111: Property 'overflowY' comes from an index signature, so it must be accessed with ['overflowY'].
src/lib/components/__tests__/Textarea.svelte5.test.ts(228,26): error TS4111: Property 'overflowY' comes from an index signature, so it must be accessed with ['overflowY'].
src/lib/components/__tests__/Textarea.svelte5.test.ts(236,10): error TS6133: 'onValueChange' is declared but its value is never read.
src/lib/components/__tests__/Textarea.svelte5.test.ts(251,8): error TS6133: 'isFocused' is declared but its value is never read.
src/lib/components/__tests__/Textarea.svelte5.test.ts(303,26): error TS4111: Property 'transition' comes from an index signature, so it must be accessed with ['transition'].
src/lib/components/__tests__/Textarea.svelte5.test.ts(325,20): error TS4111: Property 'transition' comes from an index signature, so it must be accessed with ['transition'].
src/lib/components/__tests__/Textarea.svelte5.test.ts(328,26): error TS4111: Property 'transition' comes from an index signature, so it must be accessed with ['transition'].
src/lib/components/__tests__/Textarea.svelte5.test.ts(394,13): error TS4111: Property 'value' comes from an index signature, so it must be accessed with ['value'].
src/lib/components/__tests__/Textarea.svelte5.test.ts(396,20): error TS4111: Property 'value' comes from an index signature, so it must be accessed with ['value'].
src/lib/components/__tests__/Textarea.svelte5.test.ts(403,13): error TS4111: Property 'value' comes from an index signature, so it must be accessed with ['value'].
src/lib/components/__tests__/Textarea.svelte5.test.ts(405,20): error TS4111: Property 'value' comes from an index signature, so it must be accessed with ['value'].
src/lib/components/__tests__/Textarea.svelte5.test.ts(412,13): error TS4111: Property 'value' comes from an index signature, so it must be accessed with ['value'].
src/lib/components/__tests__/Textarea.svelte5.test.ts(414,20): error TS4111: Property 'value' comes from an index signature, so it must be accessed with ['value'].
src/lib/components/__tests__/Textarea.svelte5.test.ts(451,13): error TS4111: Property 'value' comes from an index signature, so it must be accessed with ['value'].
src/lib/components/__tests__/Textarea.svelte5.test.ts(453,20): error TS4111: Property 'value' comes from an index signature, so it must be accessed with ['value'].
src/lib/components/__tests__/Toast.svelte5.test.ts(11,2): error TS6133: 'testAccessibilityCompliance' is declared but its value is never read.
src/lib/components/__tests__/Toast.svelte5.test.ts(42,56): error TS2322: Type 'string' is not assignable to type '"info"'.
src/lib/components/__tests__/Toast.svelte5.test.ts(51,56): error TS2322: Type 'string' is not assignable to type '"glass"'.
src/lib/components/__tests__/Toast.svelte5.test.ts(60,56): error TS2322: Type 'string' is not assignable to type '"top-right"'.
src/lib/components/__tests__/Toast.svelte5.test.ts(67,5): error TS2353: Object literal may only specify known properties, and 'title' does not exist in type 'Partial<{ open: boolean; type: "info"; variant: "glass"; position: "top-right"; blur: "md"; duration: number; closable: boolean; animate: boolean; reduceMotion: boolean; }>'.
src/lib/components/__tests__/Toast.svelte5.test.ts(72,17): error TS2339: Property 'title' does not exist on type '{ open: boolean; type: "info"; variant: "glass"; position: "top-right"; blur: "md"; duration: number; closable: boolean; animate: boolean; reduceMotion: boolean; }'.
src/lib/components/__tests__/Toast.svelte5.test.ts(73,17): error TS2339: Property 'description' does not exist on type '{ open: boolean; type: "info"; variant: "glass"; position: "top-right"; blur: "md"; duration: number; closable: boolean; animate: boolean; reduceMotion: boolean; }'.
src/lib/components/__tests__/Toast.svelte5.test.ts(74,17): error TS2339: Property 'action' does not exist on type '{ open: boolean; type: "info"; variant: "glass"; position: "top-right"; blur: "md"; duration: number; closable: boolean; animate: boolean; reduceMotion: boolean; }'.
src/lib/components/__tests__/Toast.svelte5.test.ts(75,17): error TS2339: Property 'action' does not exist on type '{ open: boolean; type: "info"; variant: "glass"; position: "top-right"; blur: "md"; duration: number; closable: boolean; animate: boolean; reduceMotion: boolean; }'.
src/lib/components/__tests__/Toast.svelte5.test.ts(99,10): error TS6133: 'type' is declared but its value is never read.
src/lib/components/__tests__/Toast.svelte5.test.ts(100,10): error TS6133: 'blur' is declared but its value is never read.
src/lib/components/__tests__/Toast.svelte5.test.ts(123,41): error TS6133: 'type' is declared but its value is never read.
src/lib/components/__tests__/Toast.svelte5.test.ts(145,40): error TS6133: 'position' is declared but its value is never read.
src/lib/components/__tests__/Toast.svelte5.test.ts(256,8): error TS6133: 'isPaused' is declared but its value is never read.
src/lib/components/__tests__/Toast.svelte5.test.ts(269,8): error TS6133: 'isPaused' is declared but its value is never read.
src/lib/components/__tests__/Toast.svelte5.test.ts(293,18): error TS4111: Property 'transform' comes from an index signature, so it must be accessed with ['transform'].
src/lib/components/__tests__/Toast.svelte5.test.ts(295,18): error TS4111: Property 'transform' comes from an index signature, so it must be accessed with ['transform'].
src/lib/components/__tests__/Toast.svelte5.test.ts(299,23): error TS4111: Property 'transform' comes from an index signature, so it must be accessed with ['transform'].
src/lib/components/__tests__/Toast.svelte5.test.ts(308,17): error TS4111: Property 'opacity' comes from an index signature, so it must be accessed with ['opacity'].
src/lib/components/__tests__/Toast.svelte5.test.ts(309,17): error TS4111: Property 'transform' comes from an index signature, so it must be accessed with ['transform'].
src/lib/components/__tests__/Toast.svelte5.test.ts(312,23): error TS4111: Property 'opacity' comes from an index signature, so it must be accessed with ['opacity'].
src/lib/components/__tests__/Toast.svelte5.test.ts(313,23): error TS4111: Property 'transform' comes from an index signature, so it must be accessed with ['transform'].
src/lib/components/__tests__/Toast.svelte5.test.ts(321,24): error TS4111: Property 'transform' comes from an index signature, so it must be accessed with ['transform'].
src/lib/components/__tests__/Toast.svelte5.test.ts(323,25): error TS4111: Property 'transform' comes from an index signature, so it must be accessed with ['transform'].
src/lib/components/__tests__/Toast.svelte5.test.ts(327,30): error TS4111: Property 'transform' comes from an index signature, so it must be accessed with ['transform'].
src/lib/components/__tests__/Toast.svelte5.test.ts(334,10): error TS6133: 'type' is declared but its value is never read.
src/lib/components/__tests__/Toast.svelte5.test.ts(392,40): error TS6133: 'type' is declared but its value is never read.
src/lib/components/__tests__/Tooltip.test.ts(18,10): error TS6133: 'container' is declared but its value is never read.
src/lib/components/__tests__/Tooltip.test.ts(29,10): error TS6133: 'container' is declared but its value is never read.
src/lib/components/__tests__/Tooltip.test.ts(40,10): error TS6133: 'container' is declared but its value is never read.
src/lib/components/__tests__/Tooltip.test.ts(63,10): error TS6133: 'container' is declared but its value is never read.
src/lib/components/__tests__/Tooltip.test.ts(103,10): error TS6133: 'container' is declared but its value is never read.
src/lib/components/__tests__/Tooltip.test.ts(125,10): error TS6133: 'container' is declared but its value is never read.
src/lib/components/__tests__/Tooltip.test.ts(153,11): error TS6133: 'container' is declared but its value is never read.
src/lib/components/__tests__/Tooltip.test.ts(220,10): error TS6133: 'container' is declared but its value is never read.
src/lib/components/__tests__/Tooltip.test.ts(238,10): error TS6133: 'container' is declared but its value is never read.
src/lib/components/__tests__/Tooltip.test.ts(274,10): error TS6133: 'container' is declared but its value is never read.
src/lib/components/__tests__/Tooltip.test.ts(293,10): error TS6133: 'container' is declared but its value is never read.
src/lib/components/__tests__/Tooltip.test.ts(312,10): error TS6133: 'container' is declared but its value is never read.
src/lib/components/Checkbox/__tests__/Checkbox.test.ts(20,9): error TS6133: 'component' is declared but its value is never read.
src/lib/components/Checkbox/__tests__/Checkbox.test.ts(154,9): error TS6133: 'component' is declared but its value is never read.
src/lib/components/index.ts(4,15): error TS2307: Cannot find module './lazy/index.js' or its corresponding type declarations.
src/lib/components/liquidify/__tests__/GlassButton.svelte5.test.ts(7,2): error TS6133: 'simulateMouseEvent' is declared but its value is never read.
src/lib/components/liquidify/__tests__/GlassButton.svelte5.test.ts(12,2): error TS6133: 'testAccessibilityCompliance' is declared but its value is never read.
src/lib/components/liquidify/__tests__/GlassButton.svelte5.test.ts(43,62): error TS2322: Type 'string' is not assignable to type '"glass"'.
src/lib/components/liquidify/__tests__/GlassButton.svelte5.test.ts(50,62): error TS2322: Type '"lg" | "md" | "sm"' is not assignable to type '"md" | undefined'.
  Type '"lg"' is not assignable to type '"md"'.
src/lib/components/liquidify/__tests__/GlassButton.svelte5.test.ts(59,62): error TS2322: Type 'string' is not assignable to type '"md"'.
src/lib/components/liquidify/__tests__/GlassButton.svelte5.test.ts(90,62): error TS2322: Type 'string' is not assignable to type '"button"'.
src/lib/components/liquidify/__tests__/GlassButton.svelte5.test.ts(101,10): error TS6133: 'blur' is declared but its value is never read.
src/lib/components/liquidify/__tests__/GlassButton.svelte5.test.ts(183,50): error TS6133: 'level' is declared but its value is never read.
src/lib/components/liquidify/__tests__/GlassButton.svelte5.test.ts(235,19): error TS4111: Property 'transform' comes from an index signature, so it must be accessed with ['transform'].
src/lib/components/liquidify/__tests__/GlassButton.svelte5.test.ts(239,19): error TS4111: Property 'transform' comes from an index signature, so it must be accessed with ['transform'].
src/lib/components/liquidify/__tests__/GlassButton.svelte5.test.ts(261,26): error TS4111: Property 'left' comes from an index signature, so it must be accessed with ['left'].
src/lib/components/liquidify/__tests__/GlassButton.svelte5.test.ts(262,26): error TS4111: Property 'top' comes from an index signature, so it must be accessed with ['top'].
src/lib/components/liquidify/__tests__/GlassButton.svelte5.test.ts(275,19): error TS4111: Property 'filter' comes from an index signature, so it must be accessed with ['filter'].
src/lib/components/liquidify/__tests__/GlassButton.svelte5.test.ts(276,19): error TS4111: Property 'transform' comes from an index signature, so it must be accessed with ['transform'].
src/lib/components/liquidify/__tests__/GlassButton.svelte5.test.ts(280,19): error TS4111: Property 'filter' comes from an index signature, so it must be accessed with ['filter'].
src/lib/components/liquidify/__tests__/GlassButton.svelte5.test.ts(281,19): error TS4111: Property 'transform' comes from an index signature, so it must be accessed with ['transform'].
src/lib/components/liquidify/__tests__/GlassButton.svelte5.test.ts(298,19): error TS4111: Property 'transform' comes from an index signature, so it must be accessed with ['transform'].
src/lib/components/liquidify/__tests__/GlassButton.svelte5.test.ts(299,19): error TS4111: Property 'boxShadow' comes from an index signature, so it must be accessed with ['boxShadow'].
src/lib/components/liquidify/__tests__/GlassButton.svelte5.test.ts(303,19): error TS4111: Property 'transform' comes from an index signature, so it must be accessed with ['transform'].
src/lib/components/liquidify/__tests__/GlassButton.svelte5.test.ts(304,19): error TS4111: Property 'boxShadow' comes from an index signature, so it must be accessed with ['boxShadow'].
src/lib/components/liquidify/__tests__/GlassButton.svelte5.test.ts(320,19): error TS4111: Property 'transform' comes from an index signature, so it must be accessed with ['transform'].
src/lib/components/liquidify/__tests__/GlassButton.svelte5.test.ts(324,19): error TS4111: Property 'transform' comes from an index signature, so it must be accessed with ['transform'].
src/lib/components/liquidify/__tests__/GlassButton.svelte5.test.ts(340,18): error TS4111: Property 'transition' comes from an index signature, so it must be accessed with ['transition'].
src/lib/components/liquidify/__tests__/GlassButton.svelte5.test.ts(341,18): error TS4111: Property 'animation' comes from an index signature, so it must be accessed with ['animation'].
src/lib/components/liquidify/__tests__/GlassButton.svelte5.test.ts(344,24): error TS4111: Property 'transition' comes from an index signature, so it must be accessed with ['transition'].
src/lib/components/liquidify/__tests__/GlassButton.svelte5.test.ts(345,24): error TS4111: Property 'animation' comes from an index signature, so it must be accessed with ['animation'].
src/lib/components/liquidify/__tests__/GlassButton.svelte5.test.ts(365,12): error TS4111: Property 'appendChild' comes from an index signature, so it must be accessed with ['appendChild'].
src/lib/components/liquidify/__tests__/GlassButton.svelte5.test.ts(368,18): error TS4111: Property 'appendChild' comes from an index signature, so it must be accessed with ['appendChild'].
src/lib/components/liquidify/__tests__/GlassButton.svelte5.test.ts(394,22): error TS4111: Property 'opacity' comes from an index signature, so it must be accessed with ['opacity'].
src/lib/components/liquidify/__tests__/GlassButton.svelte5.test.ts(396,22): error TS4111: Property 'opacity' comes from an index signature, so it must be accessed with ['opacity'].
src/lib/components/liquidify/__tests__/GlassButton.svelte5.test.ts(399,28): error TS4111: Property 'opacity' comes from an index signature, so it must be accessed with ['opacity'].
src/lib/components/liquidify/__tests__/GlassButton.svelte5.test.ts(513,18): error TS4111: Property 'transform' comes from an index signature, so it must be accessed with ['transform'].
src/lib/components/liquidify/__tests__/GlassButton.svelte5.test.ts(514,18): error TS4111: Property 'willChange' comes from an index signature, so it must be accessed with ['willChange'].
src/lib/components/liquidify/__tests__/GlassButton.svelte5.test.ts(517,24): error TS4111: Property 'transform' comes from an index signature, so it must be accessed with ['transform'].
src/lib/components/liquidify/__tests__/GlassButton.svelte5.test.ts(518,24): error TS4111: Property 'willChange' comes from an index signature, so it must be accessed with ['willChange'].
src/lib/components/liquidify/__tests__/GlassButton.svelte5.test.ts(522,10): error TS6133: 'button' is declared but its value is never read.
src/lib/components/liquidify/physics/glass-ripple.ts(87,10): error TS6133: 'newConfig' is declared but its value is never read.
src/lib/components/liquidify/physics/magnetic-hover.ts(87,10): error TS6133: 'newConfig' is declared but its value is never read.
src/lib/components/responsive/__tests__/Grid.svelte5.test.ts(6,2): error TS6133: 'simulateAnimation' is declared but its value is never read.
src/lib/components/responsive/__tests__/Grid.svelte5.test.ts(10,2): error TS6133: 'testAccessibilityCompliance' is declared but its value is never read.
src/lib/components/responsive/__tests__/Grid.svelte5.test.ts(47,55): error TS2322: Type 'string | number' is not assignable to type '"auto" | undefined'.
  Type 'string' is not assignable to type '"auto"'.
src/lib/components/responsive/__tests__/Grid.svelte5.test.ts(56,55): error TS2322: Type 'string | number' is not assignable to type '"auto" | undefined'.
  Type 'string' is not assignable to type '"auto"'.
src/lib/components/responsive/__tests__/Grid.svelte5.test.ts(65,55): error TS2322: Type 'string' is not assignable to type '"md"'.
src/lib/components/responsive/__tests__/Grid.svelte5.test.ts(72,5): error TS2322: Type 'number' is not assignable to type 'undefined'.
src/lib/components/responsive/__tests__/Grid.svelte5.test.ts(73,5): error TS2322: Type 'number' is not assignable to type 'undefined'.
src/lib/components/responsive/__tests__/Grid.svelte5.test.ts(97,55): error TS2322: Type 'string' is not assignable to type '"stretch"'.
src/lib/components/responsive/__tests__/Grid.svelte5.test.ts(102,55): error TS2322: Type 'string' is not assignable to type '"stretch"'.
src/lib/components/responsive/__tests__/Grid.svelte5.test.ts(112,10): error TS6133: 'gap' is declared but its value is never read.
src/lib/components/responsive/__tests__/Grid.svelte5.test.ts(125,16): error TS4111: Property 'gridTemplateColumns' comes from an index signature, so it must be accessed with ['gridTemplateColumns'].
src/lib/components/responsive/__tests__/Grid.svelte5.test.ts(128,22): error TS4111: Property 'gridTemplateColumns' comes from an index signature, so it must be accessed with ['gridTemplateColumns'].
src/lib/components/responsive/__tests__/Grid.svelte5.test.ts(138,16): error TS4111: Property 'gridTemplateColumns' comes from an index signature, so it must be accessed with ['gridTemplateColumns'].
src/lib/components/responsive/__tests__/Grid.svelte5.test.ts(141,22): error TS4111: Property 'gridTemplateColumns' comes from an index signature, so it must be accessed with ['gridTemplateColumns'].
src/lib/components/responsive/__tests__/Grid.svelte5.test.ts(155,37): error TS6133: 'gap' is declared but its value is never read.
src/lib/components/responsive/__tests__/Grid.svelte5.test.ts(270,19): error TS4111: Property 'gridColumn' comes from an index signature, so it must be accessed with ['gridColumn'].
src/lib/components/responsive/__tests__/Grid.svelte5.test.ts(271,19): error TS4111: Property 'gridRow' comes from an index signature, so it must be accessed with ['gridRow'].
src/lib/components/responsive/__tests__/Grid.svelte5.test.ts(273,26): error TS4111: Property 'gridColumn' comes from an index signature, so it must be accessed with ['gridColumn'].
src/lib/components/responsive/__tests__/Grid.svelte5.test.ts(274,26): error TS4111: Property 'gridRow' comes from an index signature, so it must be accessed with ['gridRow'].
src/lib/components/responsive/__tests__/Grid.svelte5.test.ts(282,15): error TS4111: Property 'gridTemplateAreas' comes from an index signature, so it must be accessed with ['gridTemplateAreas'].
src/lib/components/responsive/__tests__/Grid.svelte5.test.ts(283,19): error TS4111: Property 'gridArea' comes from an index signature, so it must be accessed with ['gridArea'].
src/lib/components/responsive/__tests__/Grid.svelte5.test.ts(285,22): error TS4111: Property 'gridTemplateAreas' comes from an index signature, so it must be accessed with ['gridTemplateAreas'].
src/lib/components/responsive/__tests__/Grid.svelte5.test.ts(286,26): error TS4111: Property 'gridArea' comes from an index signature, so it must be accessed with ['gridArea'].
src/lib/components/responsive/__tests__/Grid.svelte5.test.ts(306,10): error TS6133: 'grid' is declared but its value is never read.
src/lib/components/responsive/__tests__/Grid.svelte5.test.ts(333,40): error TS6133: 'callback' is declared but its value is never read.
src/lib/components/responsive/__tests__/Grid.svelte5.test.ts(341,21): error TS2345: Argument of type 'MockElement' is not assignable to parameter of type 'Element'.
  Type 'MockElement' is missing the following properties from type 'Element': attributes, clientHeight, clientLeft, clientTop, and 165 more.
src/lib/components/responsive/__tests__/Grid.svelte5.test.ts(351,15): error TS4111: Property 'display' comes from an index signature, so it must be accessed with ['display'].
src/lib/components/responsive/__tests__/Grid.svelte5.test.ts(353,22): error TS4111: Property 'display' comes from an index signature, so it must be accessed with ['display'].
src/lib/components/responsive/__tests__/Grid.svelte5.test.ts(362,16): error TS4111: Property 'contain' comes from an index signature, so it must be accessed with ['contain'].
src/lib/components/responsive/__tests__/Grid.svelte5.test.ts(365,22): error TS4111: Property 'contain' comes from an index signature, so it must be accessed with ['contain'].
src/lib/components/responsive/__tests__/Grid.svelte5.test.ts(373,20): error TS4111: Property 'transform' comes from an index signature, so it must be accessed with ['transform'].
src/lib/components/responsive/__tests__/Grid.svelte5.test.ts(374,20): error TS4111: Property 'willChange' comes from an index signature, so it must be accessed with ['willChange'].
src/lib/components/responsive/__tests__/Grid.svelte5.test.ts(377,26): error TS4111: Property 'transform' comes from an index signature, so it must be accessed with ['transform'].
src/lib/components/responsive/__tests__/Grid.svelte5.test.ts(378,26): error TS4111: Property 'willChange' comes from an index signature, so it must be accessed with ['willChange'].
src/lib/components/responsive/__tests__/Grid.svelte5.test.ts(447,16): error TS4111: Property 'minHeight' comes from an index signature, so it must be accessed with ['minHeight'].
src/lib/components/responsive/__tests__/Grid.svelte5.test.ts(448,10): error TS4111: Property 'innerHTML' comes from an index signature, so it must be accessed with ['innerHTML'].
src/lib/components/responsive/__tests__/Grid.svelte5.test.ts(451,22): error TS4111: Property 'minHeight' comes from an index signature, so it must be accessed with ['minHeight'].
src/lib/components/responsive/__tests__/Grid.svelte5.test.ts(452,16): error TS4111: Property 'innerHTML' comes from an index signature, so it must be accessed with ['innerHTML'].
src/lib/components/responsive/__tests__/Grid.svelte5.test.ts(461,16): error TS4111: Property 'gridTemplateColumns' comes from an index signature, so it must be accessed with ['gridTemplateColumns'].
src/lib/components/responsive/__tests__/Grid.svelte5.test.ts(464,22): error TS4111: Property 'gridTemplateColumns' comes from an index signature, so it must be accessed with ['gridTemplateColumns'].
src/lib/components/responsive/__tests__/Grid.svelte5.test.ts(473,15): error TS4111: Property 'gridTemplateRows' comes from an index signature, so it must be accessed with ['gridTemplateRows'].
src/lib/components/responsive/__tests__/Grid.svelte5.test.ts(475,22): error TS4111: Property 'gridTemplateRows' comes from an index signature, so it must be accessed with ['gridTemplateRows'].
src/lib/components/responsive/__tests__/Grid.svelte5.test.ts(479,10): error TS6133: 'grid' is declared but its value is never read.
src/lib/index.ts(37,20): error TS2307: Cannot find module './utils/index.js' or its corresponding type declarations.
src/lib/index.ts(39,10): error TS2305: Module '"./utils/responsive.js"' has no exported member 'responsive'.
src/lib/index.ts(51,2): error TS2305: Module '"./motion/index.js"' has no exported member 'useReducedMotion'.
src/lib/index.ts(55,29): error TS2307: Cannot find module './tokens/colors.js' or its corresponding type declarations.
src/lib/index.ts(56,30): error TS2307: Cannot find module './tokens/spacing.js' or its corresponding type declarations.
src/lib/index.ts(57,33): error TS2307: Cannot find module './tokens/typography.js' or its corresponding type declarations.
src/lib/index.ts(58,30): error TS2307: Cannot find module './tokens/shadows.js' or its corresponding type declarations.
src/lib/index.ts(68,8): error TS2307: Cannot find module './components/lazy/index.js' or its corresponding type declarations.
src/lib/motion/__tests__/motion.basic.test.ts(44,29): error TS2339: Property 'css' does not exist on type '{ update(newOptions: LiquidBlurOptions & { intensity?: "bold" | "strong" | "light" | "medium" | "subtle"; }): void; destroy(): void; }'.
src/lib/motion/__tests__/motion.basic.test.ts(51,28): error TS2339: Property 'css' does not exist on type '{ update(newOptions: LiquidBlurOptions & { intensity?: "bold" | "strong" | "light" | "medium" | "subtle"; }): void; destroy(): void; }'.
src/lib/motion/__tests__/motion.basic.test.ts(52,29): error TS2339: Property 'css' does not exist on type '{ update(newOptions: LiquidBlurOptions & { intensity?: "bold" | "strong" | "light" | "medium" | "subtle"; }): void; destroy(): void; }'.
src/lib/motion/__tests__/motion.basic.test.ts(53,30): error TS2339: Property 'css' does not exist on type '{ update(newOptions: LiquidBlurOptions & { intensity?: "bold" | "strong" | "light" | "medium" | "subtle"; }): void; destroy(): void; }'.
src/lib/motion/__tests__/motion.basic.test.ts(83,17): error TS2722: Cannot invoke an object which is possibly 'undefined'.
src/lib/motion/__tests__/motion.basic.test.ts(83,17): error TS18048: 'transition.css' is possibly 'undefined'.
src/lib/motion/__tests__/motion.basic.test.ts(83,28): error TS2554: Expected 2 arguments, but got 1.
src/lib/motion/__tests__/motion.basic.test.ts(121,24): error TS2339: Property 'css' does not exist on type '{ update(newOptions: LiquidBlurOptions & { intensity?: "bold" | "strong" | "light" | "medium" | "subtle"; }): void; destroy(): void; }'.
src/lib/motion/__tests__/motion.basic.test.ts(122,4): error TS2722: Cannot invoke an object which is possibly 'undefined'.
src/lib/motion/__tests__/motion.basic.test.ts(122,23): error TS2554: Expected 2 arguments, but got 1.
src/lib/motion/__tests__/motion.integration.test.ts(44,22): error TS2339: Property 'duration' does not exist on type '{ update(newOptions: LiquidBlurOptions & { intensity?: "bold" | "strong" | "light" | "medium" | "subtle"; }): void; destroy(): void; }'.
src/lib/motion/__tests__/motion.integration.test.ts(64,26): error TS2339: Property 'duration' does not exist on type '{ update(newOptions: LiquidBlurOptions & { intensity?: "bold" | "strong" | "light" | "medium" | "subtle"; }): void; destroy(): void; }'.
src/lib/motion/__tests__/motion.integration.test.ts(92,5): error TS2353: Object literal may only specify known properties, and 'distance' does not exist in type 'MagneticHoverOptions'.
src/lib/motion/__tests__/motion.integration.test.ts(140,23): error TS2339: Property 'duration' does not exist on type '{ update(newOptions: LiquidBlurOptions & { intensity?: "bold" | "strong" | "light" | "medium" | "subtle"; }): void; destroy(): void; }'.
src/lib/motion/__tests__/motion.integration.test.ts(168,7): error TS2353: Object literal may only specify known properties, and 'distance' does not exist in type 'MagneticHoverOptions'.
src/lib/motion/__tests__/motion.integration.test.ts(195,22): error TS2339: Property 'duration' does not exist on type '{ update(newOptions: LiquidBlurOptions & { intensity?: "bold" | "strong" | "light" | "medium" | "subtle"; }): void; destroy(): void; }'.
src/lib/motion/__tests__/motion.integration.test.ts(212,28): error TS2339: Property 'easing' does not exist on type '{ update(newOptions: LiquidBlurOptions & { intensity?: "bold" | "strong" | "light" | "medium" | "subtle"; }): void; destroy(): void; }'.
src/lib/motion/__tests__/motion.integration.test.ts(230,22): error TS2339: Property 'duration' does not exist on type '{ update(newOptions: LiquidBlurOptions & { intensity?: "bold" | "strong" | "light" | "medium" | "subtle"; }): void; destroy(): void; }'.
src/lib/motion/__tests__/motion.performance.test.ts(128,6): error TS2353: Object literal may only specify known properties, and 'distance' does not exist in type 'MagneticHoverOptions'.
src/lib/motion/__tests__/motion.performance.test.ts(141,5): error TS2353: Object literal may only specify known properties, and 'distance' does not exist in type 'MagneticHoverOptions'.
src/lib/motion/__tests__/motion.performance.test.ts(148,12): error TS6133: 'x' is declared but its value is never read.
src/lib/motion/__tests__/motion.performance.test.ts(149,12): error TS6133: 'y' is declared but its value is never read.
src/lib/motion/__tests__/motion.performance.test.ts(196,38): error TS2339: Property 'memory' does not exist on type 'Performance'.
src/lib/motion/__tests__/motion.performance.test.ts(211,36): error TS2339: Property 'memory' does not exist on type 'Performance'.
src/lib/motion/__tests__/motion.performance.test.ts(227,7): error TS2353: Object literal may only specify known properties, and 'distance' does not exist in type 'MagneticHoverOptions'.
src/lib/motion/__tests__/motion.performance.test.ts(236,21): error TS6133: 'action' is declared but its value is never read.
src/lib/motion/__tests__/motion.performance.test.ts(236,29): error TS6133: 'index' is declared but its value is never read.
src/lib/motion/__tests__/motion.unit.test.ts(71,22): error TS2339: Property 'duration' does not exist on type '{ update(newOptions: LiquidBlurOptions & { intensity?: "bold" | "strong" | "light" | "medium" | "subtle"; }): void; destroy(): void; }'.
src/lib/motion/__tests__/motion.unit.test.ts(72,22): error TS2339: Property 'css' does not exist on type '{ update(newOptions: LiquidBlurOptions & { intensity?: "bold" | "strong" | "light" | "medium" | "subtle"; }): void; destroy(): void; }'.
src/lib/motion/__tests__/motion.unit.test.ts(102,22): error TS2339: Property 'easing' does not exist on type '{ update(newOptions: LiquidBlurOptions & { intensity?: "bold" | "strong" | "light" | "medium" | "subtle"; }): void; destroy(): void; }'.
src/lib/motion/__tests__/motion.unit.test.ts(119,19): error TS2339: Property 'tick' does not exist on type '{ update(newOptions: LiquidBlurOptions & { intensity?: "bold" | "strong" | "light" | "medium" | "subtle"; }): void; destroy(): void; }'.
src/lib/motion/__tests__/motion.unit.test.ts(120,16): error TS2339: Property 'tick' does not exist on type '{ update(newOptions: LiquidBlurOptions & { intensity?: "bold" | "strong" | "light" | "medium" | "subtle"; }): void; destroy(): void; }'.
src/lib/motion/__tests__/motion.unit.test.ts(141,23): error TS2339: Property 'duration' does not exist on type '{ update(newOptions: LiquidBlurOptions & { intensity?: "bold" | "strong" | "light" | "medium" | "subtle"; }): void; destroy(): void; }'.
src/lib/motion/__tests__/motion.unit.test.ts(151,19): error TS2339: Property 'css' does not exist on type '{ update(newOptions: LiquidBlurOptions & { intensity?: "bold" | "strong" | "light" | "medium" | "subtle"; }): void; destroy(): void; }'.
src/lib/motion/__tests__/motion.unit.test.ts(152,28): error TS2339: Property 'css' does not exist on type '{ update(newOptions: LiquidBlurOptions & { intensity?: "bold" | "strong" | "light" | "medium" | "subtle"; }): void; destroy(): void; }'.
src/lib/motion/__tests__/motion.unit.test.ts(173,37): error TS2554: Expected 1 arguments, but got 2.
src/lib/motion/__tests__/motion.unit.test.ts(193,5): error TS2353: Object literal may only specify known properties, and 'respectReducedMotion' does not exist in type 'LiquidBlurOptions & { intensity?: "bold" | "strong" | "light" | "medium" | "subtle"; }'.
src/lib/motion/__tests__/motion.unit.test.ts(197,22): error TS2339: Property 'duration' does not exist on type '{ update(newOptions: LiquidBlurOptions & { intensity?: "bold" | "strong" | "light" | "medium" | "subtle"; }): void; destroy(): void; }'.
src/lib/motion/__tests__/setup-legacy.ts(12,14): error TS4111: Property 'NODE_ENV' comes from an index signature, so it must be accessed with ['NODE_ENV'].
src/lib/motion/__tests__/setup-legacy.ts(13,14): error TS4111: Property 'BROWSER' comes from an index signature, so it must be accessed with ['BROWSER'].
src/lib/motion/__tests__/setup-legacy.ts(14,14): error TS4111: Property 'VITEST' comes from an index signature, so it must be accessed with ['VITEST'].
src/lib/motion/__tests__/setup-legacy.ts(19,10): error TS6133: 'element' is declared but its value is never read.
src/lib/motion/__tests__/setup-legacy.ts(91,34): error TS6133: 'value' is declared but its value is never read.
src/lib/motion/__tests__/setup.ts(26,14): error TS4111: Property 'NODE_ENV' comes from an index signature, so it must be accessed with ['NODE_ENV'].
src/lib/motion/__tests__/setup.ts(27,14): error TS4111: Property 'BROWSER' comes from an index signature, so it must be accessed with ['BROWSER'].
src/lib/motion/__tests__/setup.ts(28,14): error TS4111: Property 'VITEST' comes from an index signature, so it must be accessed with ['VITEST'].
src/lib/motion/__tests__/setup.ts(51,2): error TS2739: Type '(id: string) => any' is missing the following properties from type 'Require': cache, extensions, main, resolve
src/lib/motion/__tests__/setup.ts(60,38): error TS2345: Argument of type 'IArguments' is not assignable to parameter of type '[id: string]'.
src/lib/motion/__tests__/setup.ts(66,10): error TS6133: 'element' is declared but its value is never read.
src/lib/motion/__tests__/setup.ts(148,1): error TS2322: Type 'Mock<(callback: any) => Timeout>' is not assignable to type '{ (callback: FrameRequestCallback): number; (callback: FrameRequestCallback): number; }'.
  Type 'Timeout' is not assignable to type 'number'.
src/lib/motion/jellyMotion.ts(115,10): error TS6133: 'flowIntensity' is declared but its value is never read.
src/lib/motion/springPop.ts(147,3): error TS6133: 'stagger' is declared but its value is never read.
src/lib/perf.ts(210,3): error TS2375: Type '{ marks: PerformanceMark[]; measures: { name: string; duration: number; startMark: string; endMark: string; }[]; navigation: PerformanceNavigationTiming | undefined; paint: { [key: string]: number; }; }' is not assignable to type '{ marks: { name: string; startTime: number; detail?: any; }[]; measures: { name: string; duration: number; startMark: string; endMark: string; }[]; navigation?: PerformanceNavigationTiming; paint?: { ...; }; }' with 'exactOptionalPropertyTypes: true'. Consider adding 'undefined' to the types of the target's properties.
  Types of property 'navigation' are incompatible.
    Type 'PerformanceNavigationTiming | undefined' is not assignable to type 'PerformanceNavigationTiming'.
      Type 'undefined' is not assignable to type 'PerformanceNavigationTiming'.
src/lib/stores/playground.ts(68,16): error TS2532: Object is possibly 'undefined'.
src/lib/test-utils.ts(5,15): error TS6196: 'ComponentProps' is declared but never used.
src/lib/test-utils.ts(5,31): error TS6196: 'Component' is declared but never used.
src/lib/test-utils.ts(9,27): error TS2344: Type 'T' does not satisfy the constraint 'SvelteComponent<Record<string, any>, any, any>'.
  Type 'Record<string, any>' is missing the following properties from type 'SvelteComponent<Record<string, any>, any, any>': $$prop_def, $$events_def, $$slot_def, $destroy, and 2 more.
src/lib/test-utils.ts(11,17): error TS2344: Type 'T' does not satisfy the constraint 'Component<any, any, string> | SvelteComponent<any, any, any>'.
  Type 'Record<string, any>' is not assignable to type 'Component<any, any, string> | SvelteComponent<any, any, any>'.
    Type 'Record<string, any>' is not assignable to type 'Component<any, any, string>'.
      Type 'Record<string, any>' provides no match for the signature '(this: void, internals: Brand<"ComponentInternals">, props: any): any'.
        Type 'T' is not assignable to type 'SvelteComponent<any, any, any>'.
          Type 'Record<string, any>' is missing the following properties from type 'SvelteComponent<any, any, any>': $$prop_def, $$events_def, $$slot_def, $destroy, and 2 more.
src/lib/test-utils.ts(13,15): error TS2339: Property 'props' does not exist on type 'RenderOptions<T>'.
src/lib/test-utils.ts(13,46): error TS2339: Property 'props' does not exist on type 'RenderOptions<T>'.
src/lib/test-utils.ts(14,47): error TS2339: Property 'props' does not exist on type 'RenderOptions<T>'.
src/lib/test-utils.ts(16,23): error TS2345: Argument of type 'ComponentType<T>' is not assignable to parameter of type 'Component<any, any, string> | (new (...args: any[]) => SvelteComponent<any, any, any>)'.
  Type 'ComponentType<T>' is not assignable to type 'new (...args: any[]) => SvelteComponent<any, any, any>'.
    Type 'T' is not assignable to type 'SvelteComponent<any, any, any>'.
      Type 'Record<string, any>' is missing the following properties from type 'SvelteComponent<any, any, any>': $$prop_def, $$events_def, $$slot_def, $destroy, and 2 more.
src/lib/test-utils.ts(25,22): error TS2345: Argument of type 'ComponentType<T>' is not assignable to parameter of type 'Component<any, any, string> | (new (...args: any[]) => SvelteComponent<any, any, any>)'.
  Type 'ComponentType<T>' is not assignable to type 'new (...args: any[]) => SvelteComponent<any, any, any>'.
    Type 'T' is not assignable to type 'SvelteComponent<any, any, any>'.
      Type 'Record<string, any>' is missing the following properties from type 'SvelteComponent<any, any, any>': $$prop_def, $$events_def, $$slot_def, $destroy, and 2 more.
src/lib/utils/__tests__/search.test.ts(2,23): error TS1484: 'SearchDocument' is a type and must be imported using a type-only import when 'verbatimModuleSyntax' is enabled.
src/lib/utils/__tests__/search.test.ts(2,39): error TS1484: 'SearchCategory' is a type and must be imported using a type-only import when 'verbatimModuleSyntax' is enabled.
src/lib/utils/__tests__/search.test.ts(2,39): error TS6133: 'SearchCategory' is declared but its value is never read.
src/lib/utils/__tests__/search.test.ts(28,10): error TS2532: Object is possibly 'undefined'.
src/lib/utils/__tests__/search.test.ts(39,10): error TS2532: Object is possibly 'undefined'.
src/lib/utils/__tests__/search.test.ts(45,10): error TS2532: Object is possibly 'undefined'.
src/lib/utils/bundle-size.ts(15,51): error TS4111: Property 'NODE_ENV' comes from an index signature, so it must be accessed with ['NODE_ENV'].
src/lib/utils/lazy.ts(64,7): error TS6133: 'lastError' is declared but its value is never read.
src/lib/utils/search.ts(49,23): error TS2344: Type 'SearchDocument' does not satisfy the constraint 'WorkerType'.
src/lib/utils/search.ts(63,37): error TS2344: Type 'SearchDocument' does not satisfy the constraint 'WorkerType'.
src/lib/utils/search.ts(81,14): error TS2554: Expected 2 arguments, but got 1.
src/lib/utils/search.ts(104,17): error TS2352: Conversion of type 'Promise<DefaultSearchResults>' to type 'SearchDocument[]' may be a mistake because neither type sufficiently overlaps with the other. If this was intentional, convert the expression to 'unknown' first.
  Type 'Promise<DefaultSearchResults>' is missing the following properties from type 'SearchDocument[]': length, pop, push, concat, and 29 more.
src/lib/utils/search.ts(104,28): error TS2769: No overload matches this call.
  Overload 1 of 4, '(query: string, limit: number, options?: SearchOptions<true> | undefined): Promise<DefaultSearchResults>', gave the following error.
    Argument of type '{ enrich: boolean; limit: number; }' is not assignable to parameter of type 'number'.
  Overload 2 of 4, '(query: string, options?: SearchOptions<true> | undefined): Promise<DefaultSearchResults>', gave the following error.
    Object literal may only specify known properties, and 'enrich' does not exist in type 'SearchOptions<true>'.
src/lib/utils/search.ts(159,39): error TS2532: Object is possibly 'undefined'.
src/lib/utils/search.ts(160,39): error TS2532: Object is possibly 'undefined'.
src/lib/utils/search.ts(165,5): error TS2532: Object is possibly 'undefined'.
src/lib/utils/search.ts(165,29): error TS2532: Object is possibly 'undefined'.
src/lib/utils/search.ts(165,51): error TS2532: Object is possibly 'undefined'.
src/lib/utils/search.ts(165,73): error TS2532: Object is possibly 'undefined'.
src/lib/utils/search.ts(169,10): error TS2532: Object is possibly 'undefined'.
src/lib/utils/search.ts(394,2): error TS1205: Re-exporting a type when 'verbatimModuleSyntax' is enabled requires using 'export type'.
src/lib/utils/search.ts(396,2): error TS1205: Re-exporting a type when 'verbatimModuleSyntax' is enabled requires using 'export type'.
src/lib/utils/search.ts(397,2): error TS1205: Re-exporting a type when 'verbatimModuleSyntax' is enabled requires using 'export type'.
src/lib/utils/search.ts(398,2): error TS1205: Re-exporting a type when 'verbatimModuleSyntax' is enabled requires using 'export type'.
src/lib/utils/search.ts(399,2): error TS1205: Re-exporting a type when 'verbatimModuleSyntax' is enabled requires using 'export type'.
src/motion/liquidFlow.ts(13,25): error TS6133: 'viscosity' is declared but its value is never read.
src/motion/liquidFlow.ts(163,10): error TS6133: 'intensity' is declared but its value is never read.
src/motion/magnetic.ts(25,26): error TS6133: 'update' is declared but its value is never read.
src/routes/api/search/+server.ts(12,36): error TS7006: Parameter 'doc' implicitly has an 'any' type.
src/routes/api/search/+server.ts(16,29): error TS7031: Binding element 'url' implicitly has an 'any' type.
tests/visual-regression/reporters/visual-diff-reporter.ts(11,7): error TS6133: '__dirname' is declared but its value is never read.
tests/visual-regression/reporters/visual-diff-reporter.ts(16,2): error TS2564: Property 'startTime' has no initializer and is not definitely assigned in the constructor.
tests/visual-regression/reporters/visual-diff-reporter.ts(33,10): error TS6133: 'config' is declared but its value is never read.
tests/visual-regression/reporters/visual-diff-reporter.ts(38,25): error TS6133: 'result' is declared but its value is never read.
tests/visual-regression/reporters/visual-diff-reporter.ts(51,31): error TS7006: Parameter 'error' implicitly has an 'any' type.
tests/visual-regression/reporters/visual-diff-reporter.ts(55,41): error TS7006: Parameter 'attachment' implicitly has an 'any' type.
tests/visual-regression/reporters/visual-diff-reporter.ts(64,5): error TS7006: Parameter 'attachment' implicitly has an 'any' type.
tests/visual-regression/reporters/visual-diff-reporter.ts(97,8): error TS6133: 'result' is declared but its value is never read.
tests/visual-regression/reporters/visual-diff-reporter.ts(147,35): error TS7006: Parameter 'diff' implicitly has an 'any' type.
tests/visual-regression/reporters/visual-diff-reporter.ts(150,40): error TS7006: Parameter 'att' implicitly has an 'any' type.
tests/visual-regression/reporters/visual-diff-reporter.ts(182,51): error TS7006: Parameter 'test' implicitly has an 'any' type.
tests/visual-regression/reporters/visual-diff-reporter.ts(195,7): error TS7006: Parameter 'att' implicitly has an 'any' type.
tests/visual-regression/setup/global-setup.ts(8,1): error TS6133: 'path' is declared but its value is never read.
tests/visual-regression/setup/global-setup.ts(155,28): error TS4111: Property 'NODE_ENV' comes from an index signature, so it must be accessed with ['NODE_ENV'].
tests/visual-regression/setup/global-teardown.ts(28,31): error TS6133: 'config' is declared but its value is never read.
tests/visual-regression/setup/global-teardown.ts(39,30): error TS4111: Property 'NODE_ENV' comes from an index signature, so it must be accessed with ['NODE_ENV'].
tests/visual-regression/setup/global-teardown.ts(113,19): error TS4111: Property 'CI' comes from an index signature, so it must be accessed with ['CI'].
tests/visual-regression/setup/global-teardown.ts(149,19): error TS4111: Property 'CI' comes from an index signature, so it must be accessed with ['CI'].
tests/visual-regression/test-runner.js(9,1): error TS6133: 'fs' is declared but its value is never read.
tests/visual-regression/test-runner.js(14,7): error TS6133: '__dirname' is declared but its value is never read.
tests/visual-regression/test-runner.js(77,20): error TS7053: Element implicitly has an 'any' type because expression of type 'string' can't be used to index type '{ Button: string[]; Card: string[]; Input: string[]; Badge: string[]; Alert: string[]; Progress: string[]; RetroText: string[]; }'.
  No index signature with a parameter of type 'string' was found on type '{ Button: string[]; Card: string[]; Input: string[]; Badge: string[]; Alert: string[]; Progress: string[]; RetroText: string[]; }'.
tests/visual-regression/test-runner.js(78,17): error TS7053: Element implicitly has an 'any' type because expression of type 'string' can't be used to index type '{ Button: string[]; Input: string[]; Badge: string[]; }'.
  No index signature with a parameter of type 'string' was found on type '{ Button: string[]; Input: string[]; Badge: string[]; }'.
tests/visual-regression/test-runner.js(79,18): error TS7053: Element implicitly has an 'any' type because expression of type 'string' can't be used to index type '{ Button: string[]; Input: string[]; Switch: string[]; Modal: string[]; }'.
  No index signature with a parameter of type 'string' was found on type '{ Button: string[]; Input: string[]; Switch: string[]; Modal: string[]; }'.
tests/visual-regression/test-runner.js(106,27): error TS7006: Parameter 'testCase' implicitly has an 'any' type.
tests/visual-regression/test-runner.js(107,18): error TS7031: Binding element 'page' implicitly has an 'any' type.
tests/visual-regression/test-runner.js(118,24): error TS7006: Parameter 'theme' implicitly has an 'any' type.
tests/visual-regression/test-runner.js(150,31): error TS7006: Parameter 'el' implicitly has an 'any' type.
tests/visual-regression/test-runner.js(153,31): error TS7006: Parameter 'el' implicitly has an 'any' type.
tests/visual-regression/test-runner.js(156,31): error TS7006: Parameter 'el' implicitly has an 'any' type.
tests/visual-regression/test-runner.js(211,17): error TS7006: Parameter 'page' implicitly has an 'any' type.
tests/visual-regression/test-runner.js(217,17): error TS7006: Parameter 'page' implicitly has an 'any' type.
tests/visual-regression/test-runner.js(322,12): error TS2339: Property 'testDataSize' does not exist on type 'Window & typeof globalThis'.
tests/visual/accessibility.spec.ts(402,9): error TS2532: Object is possibly 'undefined'.
tests/visual/accessibility.spec.ts(402,28): error TS2532: Object is possibly 'undefined'.
tests/visual/accessibility.spec.ts(403,13): error TS2532: Object is possibly 'undefined'.
tests/visual/accessibility.spec.ts(403,32): error TS2532: Object is possibly 'undefined'.
vite.config.ts(21,4): error TS2561: Object literal may only specify known properties, but 'algorithm' does not exist in type 'ViteCompressionPluginOption'. Did you mean to write 'algorithms'?
vite.config.ts(25,4): error TS2561: Object literal may only specify known properties, but 'algorithm' does not exist in type 'ViteCompressionPluginOption'. Did you mean to write 'algorithms'?
vite.config.ts(136,43): error TS4111: Property 'npm_package_version' comes from an index signature, so it must be accessed with ['npm_package_version'].
